{"$message_type":"diagnostic","message":"unresolved import `ark_serialize`","code":{"code":"E0432","explanation":"An import was unresolved.\n\nErroneous code example:\n\n```compile_fail,E0432\nuse something::Foo; // error: unresolved import `something::Foo`.\n```\n\nIn Rust 2015, paths in `use` statements are relative to the crate root. To\nimport items relative to the current and parent modules, use the `self::` and\n`super::` prefixes, respectively.\n\nIn Rust 2018 or later, paths in `use` statements are relative to the current\nmodule unless they begin with the name of a crate or a literal `crate::`, in\nwhich case they start from the crate root. As in Rust 2015 code, the `self::`\nand `super::` prefixes refer to the current and parent modules respectively.\n\nAlso verify that you didn't misspell the import name and that the import exists\nin the module from where you tried to import it. Example:\n\n```\nuse self::something::Foo; // Ok.\n\nmod something {\n    pub struct Foo;\n}\n# fn main() {}\n```\n\nIf you tried to use a module from an external crate and are using Rust 2015,\nyou may have missed the `extern crate` declaration (which is usually placed in\nthe crate root):\n\n```edition2015\nextern crate core; // Required to use the `core` crate in Rust 2015.\n\nuse core::any;\n# fn main() {}\n```\n\nSince Rust 2018 the `extern crate` declaration is not required and\nyou can instead just `use` it:\n\n```edition2018\nuse core::any; // No extern crate required in Rust 2018.\n# fn main() {}\n```\n"},"level":"error","spans":[{"file_name":"src/groth16.rs","byte_start":407,"byte_end":420,"line_start":11,"line_end":11,"column_start":5,"column_end":18,"is_primary":true,"text":[{"text":"use ark_serialize::{CanonicalDeserialize, CanonicalSerialize};","highlight_start":5,"highlight_end":18}],"label":"use of unresolved module or unlinked crate `ark_serialize`","suggested_replacement":null,"suggestion_applicability":null,"expansion":null}],"children":[{"message":"if you wanted to use a crate named `ark_serialize`, use `cargo add ark_serialize` to add it to your `Cargo.toml`","code":null,"level":"help","spans":[],"children":[],"rendered":null}],"rendered":"\u001b[1m\u001b[91merror[E0432]\u001b[0m\u001b[1m: unresolved import `ark_serialize`\u001b[0m\n  \u001b[1m\u001b[94m--> \u001b[0msrc/groth16.rs:11:5\n   \u001b[1m\u001b[94m|\u001b[0m\n\u001b[1m\u001b[94m11\u001b[0m \u001b[1m\u001b[94m|\u001b[0m use ark_serialize::{CanonicalDeserialize, CanonicalSerialize};\n   \u001b[1m\u001b[94m|\u001b[0m     \u001b[1m\u001b[91m^^^^^^^^^^^^^\u001b[0m \u001b[1m\u001b[91muse of unresolved module or unlinked crate `ark_serialize`\u001b[0m\n   \u001b[1m\u001b[94m|\u001b[0m\n   \u001b[1m\u001b[94m= \u001b[0m\u001b[1mhelp\u001b[0m: if you wanted to use a crate named `ark_serialize`, use `cargo add ark_serialize` to add it to your `Cargo.toml`\n\n"}
{"$message_type":"diagnostic","message":"unresolved import `ark_snark`","code":{"code":"E0432","explanation":"An import was unresolved.\n\nErroneous code example:\n\n```compile_fail,E0432\nuse something::Foo; // error: unresolved import `something::Foo`.\n```\n\nIn Rust 2015, paths in `use` statements are relative to the crate root. To\nimport items relative to the current and parent modules, use the `self::` and\n`super::` prefixes, respectively.\n\nIn Rust 2018 or later, paths in `use` statements are relative to the current\nmodule unless they begin with the name of a crate or a literal `crate::`, in\nwhich case they start from the crate root. As in Rust 2015 code, the `self::`\nand `super::` prefixes refer to the current and parent modules respectively.\n\nAlso verify that you didn't misspell the import name and that the import exists\nin the module from where you tried to import it. Example:\n\n```\nuse self::something::Foo; // Ok.\n\nmod something {\n    pub struct Foo;\n}\n# fn main() {}\n```\n\nIf you tried to use a module from an external crate and are using Rust 2015,\nyou may have missed the `extern crate` declaration (which is usually placed in\nthe crate root):\n\n```edition2015\nextern crate core; // Required to use the `core` crate in Rust 2015.\n\nuse core::any;\n# fn main() {}\n```\n\nSince Rust 2018 the `extern crate` declaration is not required and\nyou can instead just `use` it:\n\n```edition2018\nuse core::any; // No extern crate required in Rust 2018.\n# fn main() {}\n```\n"},"level":"error","spans":[{"file_name":"src/groth16.rs","byte_start":470,"byte_end":479,"line_start":12,"line_end":12,"column_start":5,"column_end":14,"is_primary":true,"text":[{"text":"use ark_snark::SNARK;","highlight_start":5,"highlight_end":14}],"label":"use of unresolved module or unlinked crate `ark_snark`","suggested_replacement":null,"suggestion_applicability":null,"expansion":null}],"children":[{"message":"if you wanted to use a crate named `ark_snark`, use `cargo add ark_snark` to add it to your `Cargo.toml`","code":null,"level":"help","spans":[],"children":[],"rendered":null}],"rendered":"\u001b[1m\u001b[91merror[E0432]\u001b[0m\u001b[1m: unresolved import `ark_snark`\u001b[0m\n  \u001b[1m\u001b[94m--> \u001b[0msrc/groth16.rs:12:5\n   \u001b[1m\u001b[94m|\u001b[0m\n\u001b[1m\u001b[94m12\u001b[0m \u001b[1m\u001b[94m|\u001b[0m use ark_snark::SNARK;\n   \u001b[1m\u001b[94m|\u001b[0m     \u001b[1m\u001b[91m^^^^^^^^^\u001b[0m \u001b[1m\u001b[91muse of unresolved module or unlinked crate `ark_snark`\u001b[0m\n   \u001b[1m\u001b[94m|\u001b[0m\n   \u001b[1m\u001b[94m= \u001b[0m\u001b[1mhelp\u001b[0m: if you wanted to use a crate named `ark_snark`, use `cargo add ark_snark` to add it to your `Cargo.toml`\n\n"}
{"$message_type":"diagnostic","message":"type annotations needed for `CircuitSynthesizer<_>`","code":{"code":"E0283","explanation":"The compiler could not infer a type and asked for a type annotation.\n\nErroneous code example:\n\n```compile_fail,E0283\nlet x = \"hello\".chars().rev().collect();\n```\n\nThis error indicates that type inference did not result in one unique possible\ntype, and extra information is required. In most cases this can be provided\nby adding a type annotation. Sometimes you need to specify a generic type\nparameter manually.\n\nA common example is the `collect` method on `Iterator`. It has a generic type\nparameter with a `FromIterator` bound, which for a `char` iterator is\nimplemented by `Vec` and `String` among others. Consider the following snippet\nthat reverses the characters of a string:\n\nIn the first code example, the compiler cannot infer what the type of `x` should\nbe: `Vec<char>` and `String` are both suitable candidates. To specify which type\nto use, you can use a type annotation on `x`:\n\n```\nlet x: Vec<char> = \"hello\".chars().rev().collect();\n```\n\nIt is not necessary to annotate the full type. Once the ambiguity is resolved,\nthe compiler can infer the rest:\n\n```\nlet x: Vec<_> = \"hello\".chars().rev().collect();\n```\n\nAnother way to provide the compiler with enough information, is to specify the\ngeneric type parameter:\n\n```\nlet x = \"hello\".chars().rev().collect::<Vec<char>>();\n```\n\nAgain, you need not specify the full type if the compiler can infer it:\n\n```\nlet x = \"hello\".chars().rev().collect::<Vec<_>>();\n```\n\nWe can see a self-contained example below:\n\n```compile_fail,E0283\nstruct Foo;\n\nimpl Into<u32> for Foo {\n    fn into(self) -> u32 { 1 }\n}\n\nlet foo = Foo;\nlet bar: u32 = foo.into() * 1u32;\n```\n\nThis error can be solved by adding type annotations that provide the missing\ninformation to the compiler. In this case, the solution is to specify the\ntrait's type parameter:\n\n```\nstruct Foo;\n\nimpl Into<u32> for Foo {\n    fn into(self) -> u32 { 1 }\n}\n\nlet foo = Foo;\nlet bar: u32 = Into::<u32>::into(foo) * 1u32;\n```\n"},"level":"error","spans":[{"file_name":"src/groth16.rs","byte_start":1847,"byte_end":1865,"line_start":57,"line_end":57,"column_start":23,"column_end":41,"is_primary":false,"text":[{"text":"    let synthesizer = CircuitSynthesizer::new(witness)?;","highlight_start":23,"highlight_end":41}],"label":"type must be known at this point","suggested_replacement":null,"suggestion_applicability":null,"expansion":null},{"file_name":"src/groth16.rs","byte_start":1833,"byte_end":1844,"line_start":57,"line_end":57,"column_start":9,"column_end":20,"is_primary":true,"text":[{"text":"    let synthesizer = CircuitSynthesizer::new(witness)?;","highlight_start":9,"highlight_end":20}],"label":null,"suggested_replacement":null,"suggestion_applicability":null,"expansion":null}],"children":[{"message":"multiple `impl`s or `where` clauses satisfying `_: circuit::Groth16Circuit<ark_ff::Fp<MontBackend<FrConfig, 4>, 4>>` found","code":null,"level":"note","spans":[{"file_name":"src/groth16.rs","byte_start":1449,"byte_end":1467,"line_start":49,"line_end":49,"column_start":17,"column_end":35,"is_primary":true,"text":[{"text":"pub fn setup<C: Groth16Circuit<Fr>>(circuit: &C) -> Result<(ProvingParams, VerificationKey)> {","highlight_start":17,"highlight_end":35}],"label":null,"suggested_replacement":null,"suggestion_applicability":null,"expansion":null},{"file_name":"src/groth16.rs","byte_start":5375,"byte_end":5415,"line_start":189,"line_end":189,"column_start":9,"column_end":49,"is_primary":true,"text":[{"text":"        impl Groth16Circuit<Fr> for DummyCircuit {","highlight_start":9,"highlight_end":49}],"label":null,"suggested_replacement":null,"suggestion_applicability":null,"expansion":null},{"file_name":"src/identity/mod.rs","byte_start":1342,"byte_end":1385,"line_start":49,"line_end":49,"column_start":1,"column_end":44,"is_primary":true,"text":[{"text":"impl Groth16Circuit<Fr> for IdentityCircuit {","highlight_start":1,"highlight_end":44}],"label":null,"suggested_replacement":null,"suggestion_applicability":null,"expansion":null},{"file_name":"src/membership/mod.rs","byte_start":1332,"byte_end":1377,"line_start":49,"line_end":49,"column_start":1,"column_end":46,"is_primary":true,"text":[{"text":"impl Groth16Circuit<Fr> for MembershipCircuit {","highlight_start":1,"highlight_end":46}],"label":null,"suggested_replacement":null,"suggestion_applicability":null,"expansion":null},{"file_name":"src/privacy/mod.rs","byte_start":1392,"byte_end":1434,"line_start":53,"line_end":53,"column_start":1,"column_end":43,"is_primary":true,"text":[{"text":"impl Groth16Circuit<Fr> for PrivacyCircuit {","highlight_start":1,"highlight_end":43}],"label":null,"suggested_replacement":null,"suggestion_applicability":null,"expansion":null}],"children":[],"rendered":null},{"message":"required by a bound in `CircuitSynthesizer`","code":null,"level":"note","spans":[{"file_name":"src/groth16.rs","byte_start":4617,"byte_end":4635,"line_start":160,"line_end":160,"column_start":30,"column_end":48,"is_primary":true,"text":[{"text":"struct CircuitSynthesizer<C: Groth16Circuit<Fr>> {","highlight_start":30,"highlight_end":48}],"label":"required by this bound in `CircuitSynthesizer`","suggested_replacement":null,"suggestion_applicability":null,"expansion":null}],"children":[],"rendered":null},{"message":"consider giving `synthesizer` an explicit type, where the type for type parameter `C` is specified","code":null,"level":"help","spans":[{"file_name":"src/groth16.rs","byte_start":1844,"byte_end":1844,"line_start":57,"line_end":57,"column_start":20,"column_end":20,"is_primary":true,"text":[{"text":"    let synthesizer = CircuitSynthesizer::new(witness)?;","highlight_start":20,"highlight_end":20}],"label":null,"suggested_replacement":": CircuitSynthesizer<C>","suggestion_applicability":"HasPlaceholders","expansion":null}],"children":[],"rendered":null}],"rendered":"\u001b[1m\u001b[91merror[E0283]\u001b[0m\u001b[1m: type annotations needed for `CircuitSynthesizer<_>`\u001b[0m\n   \u001b[1m\u001b[94m--> \u001b[0msrc/groth16.rs:57:9\n    \u001b[1m\u001b[94m|\u001b[0m\n \u001b[1m\u001b[94m57\u001b[0m \u001b[1m\u001b[94m|\u001b[0m     let synthesizer = CircuitSynthesizer::new(witness)?;\n    \u001b[1m\u001b[94m|\u001b[0m         \u001b[1m\u001b[91m^^^^^^^^^^^\u001b[0m   \u001b[1m\u001b[94m------------------\u001b[0m \u001b[1m\u001b[94mtype must be known at this point\u001b[0m\n    \u001b[1m\u001b[94m|\u001b[0m\n\u001b[1m\u001b[92mnote\u001b[0m: multiple `impl`s or `where` clauses satisfying `_: circuit::Groth16Circuit<ark_ff::Fp<MontBackend<FrConfig, 4>, 4>>` found\n   \u001b[1m\u001b[94m--> \u001b[0msrc/groth16.rs:49:17\n    \u001b[1m\u001b[94m|\u001b[0m\n \u001b[1m\u001b[94m49\u001b[0m \u001b[1m\u001b[94m|\u001b[0m pub fn setup<C: Groth16Circuit<Fr>>(circuit: &C) -> Result<(ProvingParams, VerificationKey)> {\n    \u001b[1m\u001b[94m|\u001b[0m                 \u001b[1m\u001b[92m^^^^^^^^^^^^^^^^^^\u001b[0m\n\u001b[1m\u001b[94m...\u001b[0m\n\u001b[1m\u001b[94m189\u001b[0m \u001b[1m\u001b[94m|\u001b[0m         impl Groth16Circuit<Fr> for DummyCircuit {\n    \u001b[1m\u001b[94m|\u001b[0m         \u001b[1m\u001b[92m^^^^^^^^^^^^^^^^^^^^^^^^^^^^^^^^^^^^^^^^\u001b[0m\n    \u001b[1m\u001b[94m|\u001b[0m\n   \u001b[1m\u001b[94m::: \u001b[0msrc/identity/mod.rs:49:1\n    \u001b[1m\u001b[94m|\u001b[0m\n \u001b[1m\u001b[94m49\u001b[0m \u001b[1m\u001b[94m|\u001b[0m impl Groth16Circuit<Fr> for IdentityCircuit {\n    \u001b[1m\u001b[94m|\u001b[0m \u001b[1m\u001b[92m^^^^^^^^^^^^^^^^^^^^^^^^^^^^^^^^^^^^^^^^^^^\u001b[0m\n    \u001b[1m\u001b[94m|\u001b[0m\n   \u001b[1m\u001b[94m::: \u001b[0msrc/membership/mod.rs:49:1\n    \u001b[1m\u001b[94m|\u001b[0m\n \u001b[1m\u001b[94m49\u001b[0m \u001b[1m\u001b[94m|\u001b[0m impl Groth16Circuit<Fr> for MembershipCircuit {\n    \u001b[1m\u001b[94m|\u001b[0m \u001b[1m\u001b[92m^^^^^^^^^^^^^^^^^^^^^^^^^^^^^^^^^^^^^^^^^^^^^\u001b[0m\n    \u001b[1m\u001b[94m|\u001b[0m\n   \u001b[1m\u001b[94m::: \u001b[0msrc/privacy/mod.rs:53:1\n    \u001b[1m\u001b[94m|\u001b[0m\n \u001b[1m\u001b[94m53\u001b[0m \u001b[1m\u001b[94m|\u001b[0m impl Groth16Circuit<Fr> for PrivacyCircuit {\n    \u001b[1m\u001b[94m|\u001b[0m \u001b[1m\u001b[92m^^^^^^^^^^^^^^^^^^^^^^^^^^^^^^^^^^^^^^^^^^\u001b[0m\n\u001b[1m\u001b[92mnote\u001b[0m: required by a bound in `CircuitSynthesizer`\n   \u001b[1m\u001b[94m--> \u001b[0msrc/groth16.rs:160:30\n    \u001b[1m\u001b[94m|\u001b[0m\n\u001b[1m\u001b[94m160\u001b[0m \u001b[1m\u001b[94m|\u001b[0m struct CircuitSynthesizer<C: Groth16Circuit<Fr>> {\n    \u001b[1m\u001b[94m|\u001b[0m                              \u001b[1m\u001b[92m^^^^^^^^^^^^^^^^^^\u001b[0m \u001b[1m\u001b[92mrequired by this bound in `CircuitSynthesizer`\u001b[0m\n\u001b[1m\u001b[96mhelp\u001b[0m: consider giving `synthesizer` an explicit type, where the type for type parameter `C` is specified\n    \u001b[1m\u001b[94m|\u001b[0m\n \u001b[1m\u001b[94m57\u001b[0m \u001b[1m\u001b[94m| \u001b[0m    let synthesizer\u001b[92m: CircuitSynthesizer<C>\u001b[0m = CircuitSynthesizer::new(witness)?;\n    \u001b[1m\u001b[94m|\u001b[0m                    \u001b[92m+++++++++++++++++++++++\u001b[0m\n\n"}
{"$message_type":"diagnostic","message":"no function or associated item named `prove` found for struct `Groth16<E, QAP>` in the current scope","code":{"code":"E0599","explanation":"This error occurs when a method is used on a type which doesn't implement it:\n\nErroneous code example:\n\n```compile_fail,E0599\nstruct Mouth;\n\nlet x = Mouth;\nx.chocolate(); // error: no method named `chocolate` found for type `Mouth`\n               //        in the current scope\n```\n\nIn this case, you need to implement the `chocolate` method to fix the error:\n\n```\nstruct Mouth;\n\nimpl Mouth {\n    fn chocolate(&self) { // We implement the `chocolate` method here.\n        println!(\"Hmmm! I love chocolate!\");\n    }\n}\n\nlet x = Mouth;\nx.chocolate(); // ok!\n```\n"},"level":"error","spans":[{"file_name":"src/groth16.rs","byte_start":3027,"byte_end":3032,"line_start":102,"line_end":102,"column_start":35,"column_end":40,"is_primary":true,"text":[{"text":"    let proof = Groth16::<Bn254>::prove(&pk, synthesizer, &[])","highlight_start":35,"highlight_end":40}],"label":"function or associated item not found in `Groth16<ark_ec::models::bn::Bn<ark_bn254::Config>>`","suggested_replacement":null,"suggestion_applicability":null,"expansion":null}],"children":[{"message":"items from traits can only be used if the trait is in scope","code":null,"level":"help","spans":[],"children":[],"rendered":null},{"message":"trait `SNARK` which provides `prove` is implemented but not in scope; perhaps you want to import it","code":null,"level":"help","spans":[{"file_name":"src/groth16.rs","byte_start":158,"byte_end":158,"line_start":6,"line_end":6,"column_start":1,"column_end":1,"is_primary":true,"text":[{"text":"use crate::circuit::Groth16Circuit;","highlight_start":1,"highlight_end":1}],"label":null,"suggested_replacement":"use ark_snark::SNARK;\n","suggestion_applicability":"MaybeIncorrect","expansion":null}],"children":[],"rendered":null}],"rendered":"\u001b[1m\u001b[91merror[E0599]\u001b[0m\u001b[1m: no function or associated item named `prove` found for struct `Groth16<E, QAP>` in the current scope\u001b[0m\n   \u001b[1m\u001b[94m--> \u001b[0msrc/groth16.rs:102:35\n    \u001b[1m\u001b[94m|\u001b[0m\n\u001b[1m\u001b[94m102\u001b[0m \u001b[1m\u001b[94m|\u001b[0m     let proof = Groth16::<Bn254>::prove(&pk, synthesizer, &[])\n    \u001b[1m\u001b[94m|\u001b[0m                                   \u001b[1m\u001b[91m^^^^^\u001b[0m \u001b[1m\u001b[91mfunction or associated item not found in `Groth16<ark_ec::models::bn::Bn<ark_bn254::Config>>`\u001b[0m\n    \u001b[1m\u001b[94m|\u001b[0m\n    \u001b[1m\u001b[94m= \u001b[0m\u001b[1mhelp\u001b[0m: items from traits can only be used if the trait is in scope\n\u001b[1m\u001b[96mhelp\u001b[0m: trait `SNARK` which provides `prove` is implemented but not in scope; perhaps you want to import it\n    \u001b[1m\u001b[94m|\u001b[0m\n  \u001b[1m\u001b[94m6\u001b[0m \u001b[92m+ use ark_snark::SNARK;\u001b[0m\n    \u001b[1m\u001b[94m|\u001b[0m\n\n"}
{"$message_type":"diagnostic","message":"no function or associated item named `deserialize_compressed` found for struct `Proof<E>` in the current scope","code":{"code":"E0599","explanation":"This error occurs when a method is used on a type which doesn't implement it:\n\nErroneous code example:\n\n```compile_fail,E0599\nstruct Mouth;\n\nlet x = Mouth;\nx.chocolate(); // error: no method named `chocolate` found for type `Mouth`\n               //        in the current scope\n```\n\nIn this case, you need to implement the `chocolate` method to fix the error:\n\n```\nstruct Mouth;\n\nimpl Mouth {\n    fn chocolate(&self) { // We implement the `chocolate` method here.\n        println!(\"Hmmm! I love chocolate!\");\n    }\n}\n\nlet x = Mouth;\nx.chocolate(); // ok!\n```\n"},"level":"error","spans":[{"file_name":"src/groth16.rs","byte_start":4028,"byte_end":4050,"line_start":144,"line_end":144,"column_start":37,"column_end":59,"is_primary":true,"text":[{"text":"    let proof_obj = Proof::<Bn254>::deserialize_compressed(proof)","highlight_start":37,"highlight_end":59}],"label":"function or associated item not found in `Proof<ark_ec::models::bn::Bn<ark_bn254::Config>>`","suggested_replacement":null,"suggestion_applicability":null,"expansion":null}],"children":[{"message":"items from traits can only be used if the trait is in scope","code":null,"level":"help","spans":[],"children":[],"rendered":null},{"message":"trait `CanonicalDeserialize` which provides `deserialize_compressed` is implemented but not in scope; perhaps you want to import it","code":null,"level":"help","spans":[{"file_name":"src/groth16.rs","byte_start":158,"byte_end":158,"line_start":6,"line_end":6,"column_start":1,"column_end":1,"is_primary":true,"text":[{"text":"use crate::circuit::Groth16Circuit;","highlight_start":1,"highlight_end":1}],"label":null,"suggested_replacement":"use ark_serialize::CanonicalDeserialize;\n","suggestion_applicability":"MaybeIncorrect","expansion":null}],"children":[],"rendered":null},{"message":"there is an associated function `deserialize_uncompressed` with a similar name","code":null,"level":"help","spans":[{"file_name":"src/groth16.rs","byte_start":4028,"byte_end":4050,"line_start":144,"line_end":144,"column_start":37,"column_end":59,"is_primary":true,"text":[{"text":"    let proof_obj = Proof::<Bn254>::deserialize_compressed(proof)","highlight_start":37,"highlight_end":59}],"label":null,"suggested_replacement":"deserialize_uncompressed","suggestion_applicability":"MaybeIncorrect","expansion":null}],"children":[],"rendered":null}],"rendered":"\u001b[1m\u001b[91merror[E0599]\u001b[0m\u001b[1m: no function or associated item named `deserialize_compressed` found for struct `Proof<E>` in the current scope\u001b[0m\n   \u001b[1m\u001b[94m--> \u001b[0msrc/groth16.rs:144:37\n    \u001b[1m\u001b[94m|\u001b[0m\n\u001b[1m\u001b[94m144\u001b[0m \u001b[1m\u001b[94m|\u001b[0m     let proof_obj = Proof::<Bn254>::deserialize_compressed(proof)\n    \u001b[1m\u001b[94m|\u001b[0m                                     \u001b[1m\u001b[91m^^^^^^^^^^^^^^^^^^^^^^\u001b[0m \u001b[1m\u001b[91mfunction or associated item not found in `Proof<ark_ec::models::bn::Bn<ark_bn254::Config>>`\u001b[0m\n    \u001b[1m\u001b[94m|\u001b[0m\n    \u001b[1m\u001b[94m= \u001b[0m\u001b[1mhelp\u001b[0m: items from traits can only be used if the trait is in scope\n\u001b[1m\u001b[96mhelp\u001b[0m: trait `CanonicalDeserialize` which provides `deserialize_compressed` is implemented but not in scope; perhaps you want to import it\n    \u001b[1m\u001b[94m|\u001b[0m\n  \u001b[1m\u001b[94m6\u001b[0m \u001b[92m+ use ark_serialize::CanonicalDeserialize;\u001b[0m\n    \u001b[1m\u001b[94m|\u001b[0m\n\u001b[1m\u001b[96mhelp\u001b[0m: there is an associated function `deserialize_uncompressed` with a similar name\n    \u001b[1m\u001b[94m|\u001b[0m\n\u001b[1m\u001b[94m144\u001b[0m \u001b[1m\u001b[94m| \u001b[0m    let proof_obj = Proof::<Bn254>::deserialize_\u001b[92mun\u001b[0mcompressed(proof)\n    \u001b[1m\u001b[94m|\u001b[0m                                                 \u001b[92m++\u001b[0m\n\n"}
{"$message_type":"diagnostic","message":"no function or associated item named `verify` found for struct `Groth16<E, QAP>` in the current scope","code":{"code":"E0599","explanation":"This error occurs when a method is used on a type which doesn't implement it:\n\nErroneous code example:\n\n```compile_fail,E0599\nstruct Mouth;\n\nlet x = Mouth;\nx.chocolate(); // error: no method named `chocolate` found for type `Mouth`\n               //        in the current scope\n```\n\nIn this case, you need to implement the `chocolate` method to fix the error:\n\n```\nstruct Mouth;\n\nimpl Mouth {\n    fn chocolate(&self) { // We implement the `chocolate` method here.\n        println!(\"Hmmm! I love chocolate!\");\n    }\n}\n\nlet x = Mouth;\nx.chocolate(); // ok!\n```\n"},"level":"error","spans":[{"file_name":"src/groth16.rs","byte_start":4350,"byte_end":4356,"line_start":152,"line_end":152,"column_start":38,"column_end":44,"is_primary":true,"text":[{"text":"    let is_valid = Groth16::<Bn254>::verify(&vk, &inputs, &proof_obj)","highlight_start":38,"highlight_end":44}],"label":"function or associated item not found in `Groth16<ark_ec::models::bn::Bn<ark_bn254::Config>>`","suggested_replacement":null,"suggestion_applicability":null,"expansion":null}],"children":[{"message":"items from traits can only be used if the trait is in scope","code":null,"level":"help","spans":[],"children":[],"rendered":null},{"message":"trait `SNARK` which provides `verify` is implemented but not in scope; perhaps you want to import it","code":null,"level":"help","spans":[{"file_name":"src/groth16.rs","byte_start":158,"byte_end":158,"line_start":6,"line_end":6,"column_start":1,"column_end":1,"is_primary":true,"text":[{"text":"use crate::circuit::Groth16Circuit;","highlight_start":1,"highlight_end":1}],"label":null,"suggested_replacement":"use ark_snark::SNARK;\n","suggestion_applicability":"MaybeIncorrect","expansion":null}],"children":[],"rendered":null},{"message":"there is an associated function `verify_proof` with a similar name","code":null,"level":"help","spans":[{"file_name":"src/groth16.rs","byte_start":4350,"byte_end":4356,"line_start":152,"line_end":152,"column_start":38,"column_end":44,"is_primary":true,"text":[{"text":"    let is_valid = Groth16::<Bn254>::verify(&vk, &inputs, &proof_obj)","highlight_start":38,"highlight_end":44}],"label":null,"suggested_replacement":"verify_proof","suggestion_applicability":"MaybeIncorrect","expansion":null}],"children":[],"rendered":null}],"rendered":"\u001b[1m\u001b[91merror[E0599]\u001b[0m\u001b[1m: no function or associated item named `verify` found for struct `Groth16<E, QAP>` in the current scope\u001b[0m\n   \u001b[1m\u001b[94m--> \u001b[0msrc/groth16.rs:152:38\n    \u001b[1m\u001b[94m|\u001b[0m\n\u001b[1m\u001b[94m152\u001b[0m \u001b[1m\u001b[94m|\u001b[0m     let is_valid = Groth16::<Bn254>::verify(&vk, &inputs, &proof_obj)\n    \u001b[1m\u001b[94m|\u001b[0m                                      \u001b[1m\u001b[91m^^^^^^\u001b[0m \u001b[1m\u001b[91mfunction or associated item not found in `Groth16<ark_ec::models::bn::Bn<ark_bn254::Config>>`\u001b[0m\n    \u001b[1m\u001b[94m|\u001b[0m\n    \u001b[1m\u001b[94m= \u001b[0m\u001b[1mhelp\u001b[0m: items from traits can only be used if the trait is in scope\n\u001b[1m\u001b[96mhelp\u001b[0m: trait `SNARK` which provides `verify` is implemented but not in scope; perhaps you want to import it\n    \u001b[1m\u001b[94m|\u001b[0m\n  \u001b[1m\u001b[94m6\u001b[0m \u001b[92m+ use ark_snark::SNARK;\u001b[0m\n    \u001b[1m\u001b[94m|\u001b[0m\n\u001b[1m\u001b[96mhelp\u001b[0m: there is an associated function `verify_proof` with a similar name\n    \u001b[1m\u001b[94m|\u001b[0m\n\u001b[1m\u001b[94m152\u001b[0m \u001b[1m\u001b[94m| \u001b[0m    let is_valid = Groth16::<Bn254>::verify\u001b[92m_proof\u001b[0m(&vk, &inputs, &proof_obj)\n    \u001b[1m\u001b[94m|\u001b[0m                                            \u001b[92m++++++\u001b[0m\n\n"}
{"$message_type":"diagnostic","message":"aborting due to 6 previous errors","code":null,"level":"error","spans":[],"children":[],"rendered":"\u001b[1m\u001b[91merror\u001b[0m\u001b[1m: aborting due to 6 previous errors\u001b[0m\n\n"}
{"$message_type":"diagnostic","message":"Some errors have detailed explanations: E0283, E0432, E0599.","code":null,"level":"failure-note","spans":[],"children":[],"rendered":"\u001b[1mSome errors have detailed explanations: E0283, E0432, E0599.\u001b[0m\n"}
{"$message_type":"diagnostic","message":"For more information about an error, try `rustc --explain E0283`.","code":null,"level":"failure-note","spans":[],"children":[],"rendered":"\u001b[1mFor more information about an error, try `rustc --explain E0283`.\u001b[0m\n"}
