{"$message_type":"diagnostic","message":"unresolved import `ark_relations::r1cs::Layer`","code":{"code":"E0432","explanation":"An import was unresolved.\n\nErroneous code example:\n\n```compile_fail,E0432\nuse something::Foo; // error: unresolved import `something::Foo`.\n```\n\nIn Rust 2015, paths in `use` statements are relative to the crate root. To\nimport items relative to the current and parent modules, use the `self::` and\n`super::` prefixes, respectively.\n\nIn Rust 2018 or later, paths in `use` statements are relative to the current\nmodule unless they begin with the name of a crate or a literal `crate::`, in\nwhich case they start from the crate root. As in Rust 2015 code, the `self::`\nand `super::` prefixes refer to the current and parent modules respectively.\n\nAlso verify that you didn't misspell the import name and that the import exists\nin the module from where you tried to import it. Example:\n\n```\nuse self::something::Foo; // Ok.\n\nmod something {\n    pub struct Foo;\n}\n# fn main() {}\n```\n\nIf you tried to use a module from an external crate and are using Rust 2015,\nyou may have missed the `extern crate` declaration (which is usually placed in\nthe crate root):\n\n```edition2015\nextern crate core; // Required to use the `core` crate in Rust 2015.\n\nuse core::any;\n# fn main() {}\n```\n\nSince Rust 2018 the `extern crate` declaration is not required and\nyou can instead just `use` it:\n\n```edition2018\nuse core::any; // No extern crate required in Rust 2018.\n# fn main() {}\n```\n"},"level":"error","spans":[{"file_name":"crates/groth16/src/lib.rs","byte_start":1945,"byte_end":1950,"line_start":67,"line_end":67,"column_start":5,"column_end":10,"is_primary":true,"text":[{"text":"    Layer,","highlight_start":5,"highlight_end":10}],"label":"no `Layer` in `r1cs`","suggested_replacement":null,"suggestion_applicability":null,"expansion":null}],"children":[],"rendered":"\u001b[0m\u001b[1m\u001b[38;5;9merror[E0432]\u001b[0m\u001b[0m\u001b[1m: unresolved import `ark_relations::r1cs::Layer`\u001b[0m\n\u001b[0m  \u001b[0m\u001b[0m\u001b[1m\u001b[38;5;12m--> \u001b[0m\u001b[0mcrates/groth16/src/lib.rs:67:5\u001b[0m\n\u001b[0m   \u001b[0m\u001b[0m\u001b[1m\u001b[38;5;12m|\u001b[0m\n\u001b[0m\u001b[1m\u001b[38;5;12m67\u001b[0m\u001b[0m \u001b[0m\u001b[0m\u001b[1m\u001b[38;5;12m|\u001b[0m\u001b[0m \u001b[0m\u001b[0m    Layer,\u001b[0m\n\u001b[0m   \u001b[0m\u001b[0m\u001b[1m\u001b[38;5;12m|\u001b[0m\u001b[0m     \u001b[0m\u001b[0m\u001b[1m\u001b[38;5;9m^^^^^\u001b[0m\u001b[0m \u001b[0m\u001b[0m\u001b[1m\u001b[38;5;9mno `Layer` in `r1cs`\u001b[0m\n\n"}
{"$message_type":"diagnostic","message":"failed to resolve: use of undeclared type `ConstraintLayer`","code":{"code":"E0433","explanation":"An undeclared crate, module, or type was used.\n\nErroneous code example:\n\n```compile_fail,E0433\nlet map = HashMap::new();\n// error: failed to resolve: use of undeclared type `HashMap`\n```\n\nPlease verify you didn't misspell the type/module's name or that you didn't\nforget to import it:\n\n```\nuse std::collections::HashMap; // HashMap has been imported.\nlet map: HashMap<u32, u32> = HashMap::new(); // So it can be used!\n```\n\nIf you've expected to use a crate name:\n\n```compile_fail\nuse ferris_wheel::BigO;\n// error: failed to resolve: use of undeclared crate or module `ferris_wheel`\n```\n\nMake sure the crate has been added as a dependency in `Cargo.toml`.\n\nTo use a module from your current crate, add the `crate::` prefix to the path.\n"},"level":"error","spans":[{"file_name":"crates/groth16/src/wrapper.rs","byte_start":4276,"byte_end":4291,"line_start":118,"line_end":118,"column_start":29,"column_end":44,"is_primary":true,"text":[{"text":"    let mut circuit_layer = ConstraintLayer::new();","highlight_start":29,"highlight_end":44}],"label":"use of undeclared type `ConstraintLayer`","suggested_replacement":null,"suggestion_applicability":null,"expansion":null}],"children":[{"message":"consider importing one of these structs","code":null,"level":"help","spans":[{"file_name":"crates/groth16/src/wrapper.rs","byte_start":236,"byte_end":236,"line_start":6,"line_end":6,"column_start":1,"column_end":1,"is_primary":true,"text":[{"text":"use crate::error::{Groth16Error, Result};","highlight_start":1,"highlight_end":1}],"label":null,"suggested_replacement":"use crate::ConstraintLayer;\n","suggestion_applicability":"MaybeIncorrect","expansion":null},{"file_name":"crates/groth16/src/wrapper.rs","byte_start":236,"byte_end":236,"line_start":6,"line_end":6,"column_start":1,"column_end":1,"is_primary":true,"text":[{"text":"use crate::error::{Groth16Error, Result};","highlight_start":1,"highlight_end":1}],"label":null,"suggested_replacement":"use ark_relations::r1cs::ConstraintLayer;\n","suggestion_applicability":"MaybeIncorrect","expansion":null}],"children":[],"rendered":null}],"rendered":"\u001b[0m\u001b[1m\u001b[38;5;9merror[E0433]\u001b[0m\u001b[0m\u001b[1m: failed to resolve: use of undeclared type `ConstraintLayer`\u001b[0m\n\u001b[0m   \u001b[0m\u001b[0m\u001b[1m\u001b[38;5;12m--> \u001b[0m\u001b[0mcrates/groth16/src/wrapper.rs:118:29\u001b[0m\n\u001b[0m    \u001b[0m\u001b[0m\u001b[1m\u001b[38;5;12m|\u001b[0m\n\u001b[0m\u001b[1m\u001b[38;5;12m118\u001b[0m\u001b[0m \u001b[0m\u001b[0m\u001b[1m\u001b[38;5;12m|\u001b[0m\u001b[0m \u001b[0m\u001b[0m    let mut circuit_layer = ConstraintLayer::new();\u001b[0m\n\u001b[0m    \u001b[0m\u001b[0m\u001b[1m\u001b[38;5;12m|\u001b[0m\u001b[0m                             \u001b[0m\u001b[0m\u001b[1m\u001b[38;5;9m^^^^^^^^^^^^^^^\u001b[0m\u001b[0m \u001b[0m\u001b[0m\u001b[1m\u001b[38;5;9muse of undeclared type `ConstraintLayer`\u001b[0m\n\u001b[0m    \u001b[0m\u001b[0m\u001b[1m\u001b[38;5;12m|\u001b[0m\n\u001b[0m\u001b[1m\u001b[38;5;14mhelp\u001b[0m\u001b[0m: consider importing one of these structs\u001b[0m\n\u001b[0m    \u001b[0m\u001b[0m\u001b[1m\u001b[38;5;12m|\u001b[0m\n\u001b[0m\u001b[1m\u001b[38;5;12m6\u001b[0m\u001b[0m   \u001b[0m\u001b[0m\u001b[38;5;10m+ use crate::ConstraintLayer;\u001b[0m\n\u001b[0m    \u001b[0m\u001b[0m\u001b[1m\u001b[38;5;12m|\u001b[0m\n\u001b[0m\u001b[1m\u001b[38;5;12m6\u001b[0m\u001b[0m   \u001b[0m\u001b[0m\u001b[38;5;10m+ use ark_relations::r1cs::ConstraintLayer;\u001b[0m\n\u001b[0m    \u001b[0m\u001b[0m\u001b[1m\u001b[38;5;12m|\u001b[0m\n\n"}
{"$message_type":"diagnostic","message":"ambiguous associated type","code":{"code":"E0223","explanation":"An attempt was made to retrieve an associated type, but the type was ambiguous.\n\nErroneous code example:\n\n```compile_fail,E0223\ntrait Trait { type X; }\n\nfn main() {\n    let foo: Trait::X;\n}\n```\n\nThe problem here is that we're attempting to take the associated type of `X`\nfrom `Trait`. Unfortunately, the type of `X` is not defined, because it's only\nmade concrete in implementations of the trait. A working version of this code\nmight look like:\n\n```\ntrait Trait { type X; }\n\nstruct Struct;\nimpl Trait for Struct {\n    type X = u32;\n}\n\nfn main() {\n    let foo: <Struct as Trait>::X;\n}\n```\n\nThis syntax specifies that we want the associated type `X` from `Struct`'s\nimplementation of `Trait`.\n\nDue to internal limitations of the current compiler implementation we cannot\nsimply use `Struct::X`.\n"},"level":"error","spans":[{"file_name":"crates/groth16/src/wrapper.rs","byte_start":4124,"byte_end":4142,"line_start":113,"line_end":113,"column_start":30,"column_end":48,"is_primary":true,"text":[{"text":"    C: ConstraintSynthesizer<Bn254::ScalarField>,","highlight_start":30,"highlight_end":48}],"label":null,"suggested_replacement":null,"suggestion_applicability":null,"expansion":null}],"children":[{"message":"use fully-qualified syntax","code":null,"level":"help","spans":[{"file_name":"crates/groth16/src/wrapper.rs","byte_start":4124,"byte_end":4142,"line_start":113,"line_end":113,"column_start":30,"column_end":48,"is_primary":true,"text":[{"text":"    C: ConstraintSynthesizer<Bn254::ScalarField>,","highlight_start":30,"highlight_end":48}],"label":null,"suggested_replacement":"<ark_ec::models::bn::Bn<ark_bn254::Config> as ark_ec::pairing::Pairing>::ScalarField","suggestion_applicability":"MachineApplicable","expansion":null}],"children":[],"rendered":null}],"rendered":"\u001b[0m\u001b[1m\u001b[38;5;9merror[E0223]\u001b[0m\u001b[0m\u001b[1m: ambiguous associated type\u001b[0m\n\u001b[0m   \u001b[0m\u001b[0m\u001b[1m\u001b[38;5;12m--> \u001b[0m\u001b[0mcrates/groth16/src/wrapper.rs:113:30\u001b[0m\n\u001b[0m    \u001b[0m\u001b[0m\u001b[1m\u001b[38;5;12m|\u001b[0m\n\u001b[0m\u001b[1m\u001b[38;5;12m113\u001b[0m\u001b[0m \u001b[0m\u001b[0m\u001b[1m\u001b[38;5;12m|\u001b[0m\u001b[0m \u001b[0m\u001b[0m    C: ConstraintSynthesizer<Bn254::ScalarField>,\u001b[0m\n\u001b[0m    \u001b[0m\u001b[0m\u001b[1m\u001b[38;5;12m|\u001b[0m\u001b[0m                              \u001b[0m\u001b[0m\u001b[1m\u001b[38;5;9m^^^^^^^^^^^^^^^^^^\u001b[0m\u001b[0m \u001b[0m\u001b[0m\u001b[1m\u001b[38;5;9mhelp: use fully-qualified syntax: `<ark_ec::models::bn::Bn<ark_bn254::Config> as ark_ec::pairing::Pairing>::ScalarField`\u001b[0m\n\n"}
{"$message_type":"diagnostic","message":"ambiguous associated type","code":{"code":"E0223","explanation":"An attempt was made to retrieve an associated type, but the type was ambiguous.\n\nErroneous code example:\n\n```compile_fail,E0223\ntrait Trait { type X; }\n\nfn main() {\n    let foo: Trait::X;\n}\n```\n\nThe problem here is that we're attempting to take the associated type of `X`\nfrom `Trait`. Unfortunately, the type of `X` is not defined, because it's only\nmade concrete in implementations of the trait. A working version of this code\nmight look like:\n\n```\ntrait Trait { type X; }\n\nstruct Struct;\nimpl Trait for Struct {\n    type X = u32;\n}\n\nfn main() {\n    let foo: <Struct as Trait>::X;\n}\n```\n\nThis syntax specifies that we want the associated type `X` from `Struct`'s\nimplementation of `Trait`.\n\nDue to internal limitations of the current compiler implementation we cannot\nsimply use `Struct::X`.\n"},"level":"error","spans":[{"file_name":"crates/groth16/src/wrapper.rs","byte_start":8760,"byte_end":8778,"line_start":260,"line_end":260,"column_start":30,"column_end":48,"is_primary":true,"text":[{"text":"    C: ConstraintSynthesizer<Bn254::ScalarField>,","highlight_start":30,"highlight_end":48}],"label":null,"suggested_replacement":null,"suggestion_applicability":null,"expansion":null}],"children":[{"message":"use fully-qualified syntax","code":null,"level":"help","spans":[{"file_name":"crates/groth16/src/wrapper.rs","byte_start":8760,"byte_end":8778,"line_start":260,"line_end":260,"column_start":30,"column_end":48,"is_primary":true,"text":[{"text":"    C: ConstraintSynthesizer<Bn254::ScalarField>,","highlight_start":30,"highlight_end":48}],"label":null,"suggested_replacement":"<ark_ec::models::bn::Bn<ark_bn254::Config> as ark_ec::pairing::Pairing>::ScalarField","suggestion_applicability":"MachineApplicable","expansion":null}],"children":[],"rendered":null}],"rendered":"\u001b[0m\u001b[1m\u001b[38;5;9merror[E0223]\u001b[0m\u001b[0m\u001b[1m: ambiguous associated type\u001b[0m\n\u001b[0m   \u001b[0m\u001b[0m\u001b[1m\u001b[38;5;12m--> \u001b[0m\u001b[0mcrates/groth16/src/wrapper.rs:260:30\u001b[0m\n\u001b[0m    \u001b[0m\u001b[0m\u001b[1m\u001b[38;5;12m|\u001b[0m\n\u001b[0m\u001b[1m\u001b[38;5;12m260\u001b[0m\u001b[0m \u001b[0m\u001b[0m\u001b[1m\u001b[38;5;12m|\u001b[0m\u001b[0m \u001b[0m\u001b[0m    C: ConstraintSynthesizer<Bn254::ScalarField>,\u001b[0m\n\u001b[0m    \u001b[0m\u001b[0m\u001b[1m\u001b[38;5;12m|\u001b[0m\u001b[0m                              \u001b[0m\u001b[0m\u001b[1m\u001b[38;5;9m^^^^^^^^^^^^^^^^^^\u001b[0m\u001b[0m \u001b[0m\u001b[0m\u001b[1m\u001b[38;5;9mhelp: use fully-qualified syntax: `<ark_ec::models::bn::Bn<ark_bn254::Config> as ark_ec::pairing::Pairing>::ScalarField`\u001b[0m\n\n"}
{"$message_type":"diagnostic","message":"ambiguous associated type","code":{"code":"E0223","explanation":"An attempt was made to retrieve an associated type, but the type was ambiguous.\n\nErroneous code example:\n\n```compile_fail,E0223\ntrait Trait { type X; }\n\nfn main() {\n    let foo: Trait::X;\n}\n```\n\nThe problem here is that we're attempting to take the associated type of `X`\nfrom `Trait`. Unfortunately, the type of `X` is not defined, because it's only\nmade concrete in implementations of the trait. A working version of this code\nmight look like:\n\n```\ntrait Trait { type X; }\n\nstruct Struct;\nimpl Trait for Struct {\n    type X = u32;\n}\n\nfn main() {\n    let foo: <Struct as Trait>::X;\n}\n```\n\nThis syntax specifies that we want the associated type `X` from `Struct`'s\nimplementation of `Trait`.\n\nDue to internal limitations of the current compiler implementation we cannot\nsimply use `Struct::X`.\n"},"level":"error","spans":[{"file_name":"crates/groth16/src/wrapper.rs","byte_start":13008,"byte_end":13026,"line_start":387,"line_end":387,"column_start":22,"column_end":40,"is_primary":true,"text":[{"text":"    public_inputs: &[Bn254::ScalarField],","highlight_start":22,"highlight_end":40}],"label":null,"suggested_replacement":null,"suggestion_applicability":null,"expansion":null}],"children":[{"message":"use fully-qualified syntax","code":null,"level":"help","spans":[{"file_name":"crates/groth16/src/wrapper.rs","byte_start":13008,"byte_end":13026,"line_start":387,"line_end":387,"column_start":22,"column_end":40,"is_primary":true,"text":[{"text":"    public_inputs: &[Bn254::ScalarField],","highlight_start":22,"highlight_end":40}],"label":null,"suggested_replacement":"<ark_ec::models::bn::Bn<ark_bn254::Config> as ark_ec::pairing::Pairing>::ScalarField","suggestion_applicability":"MachineApplicable","expansion":null}],"children":[],"rendered":null}],"rendered":"\u001b[0m\u001b[1m\u001b[38;5;9merror[E0223]\u001b[0m\u001b[0m\u001b[1m: ambiguous associated type\u001b[0m\n\u001b[0m   \u001b[0m\u001b[0m\u001b[1m\u001b[38;5;12m--> \u001b[0m\u001b[0mcrates/groth16/src/wrapper.rs:387:22\u001b[0m\n\u001b[0m    \u001b[0m\u001b[0m\u001b[1m\u001b[38;5;12m|\u001b[0m\n\u001b[0m\u001b[1m\u001b[38;5;12m387\u001b[0m\u001b[0m \u001b[0m\u001b[0m\u001b[1m\u001b[38;5;12m|\u001b[0m\u001b[0m \u001b[0m\u001b[0m    public_inputs: &[Bn254::ScalarField],\u001b[0m\n\u001b[0m    \u001b[0m\u001b[0m\u001b[1m\u001b[38;5;12m|\u001b[0m\u001b[0m                      \u001b[0m\u001b[0m\u001b[1m\u001b[38;5;9m^^^^^^^^^^^^^^^^^^\u001b[0m\u001b[0m \u001b[0m\u001b[0m\u001b[1m\u001b[38;5;9mhelp: use fully-qualified syntax: `<ark_ec::models::bn::Bn<ark_bn254::Config> as ark_ec::pairing::Pairing>::ScalarField`\u001b[0m\n\n"}
{"$message_type":"diagnostic","message":"ambiguous associated type","code":{"code":"E0223","explanation":"An attempt was made to retrieve an associated type, but the type was ambiguous.\n\nErroneous code example:\n\n```compile_fail,E0223\ntrait Trait { type X; }\n\nfn main() {\n    let foo: Trait::X;\n}\n```\n\nThe problem here is that we're attempting to take the associated type of `X`\nfrom `Trait`. Unfortunately, the type of `X` is not defined, because it's only\nmade concrete in implementations of the trait. A working version of this code\nmight look like:\n\n```\ntrait Trait { type X; }\n\nstruct Struct;\nimpl Trait for Struct {\n    type X = u32;\n}\n\nfn main() {\n    let foo: <Struct as Trait>::X;\n}\n```\n\nThis syntax specifies that we want the associated type `X` from `Struct`'s\nimplementation of `Trait`.\n\nDue to internal limitations of the current compiler implementation we cannot\nsimply use `Struct::X`.\n"},"level":"error","spans":[{"file_name":"crates/groth16/src/wrapper.rs","byte_start":16025,"byte_end":16043,"line_start":478,"line_end":478,"column_start":45,"column_end":63,"is_primary":true,"text":[{"text":"    proofs_and_inputs: &[(Proof<Bn254>, Vec<Bn254::ScalarField>)],","highlight_start":45,"highlight_end":63}],"label":null,"suggested_replacement":null,"suggestion_applicability":null,"expansion":null}],"children":[{"message":"use fully-qualified syntax","code":null,"level":"help","spans":[{"file_name":"crates/groth16/src/wrapper.rs","byte_start":16025,"byte_end":16043,"line_start":478,"line_end":478,"column_start":45,"column_end":63,"is_primary":true,"text":[{"text":"    proofs_and_inputs: &[(Proof<Bn254>, Vec<Bn254::ScalarField>)],","highlight_start":45,"highlight_end":63}],"label":null,"suggested_replacement":"<ark_ec::models::bn::Bn<ark_bn254::Config> as ark_ec::pairing::Pairing>::ScalarField","suggestion_applicability":"MachineApplicable","expansion":null}],"children":[],"rendered":null}],"rendered":"\u001b[0m\u001b[1m\u001b[38;5;9merror[E0223]\u001b[0m\u001b[0m\u001b[1m: ambiguous associated type\u001b[0m\n\u001b[0m   \u001b[0m\u001b[0m\u001b[1m\u001b[38;5;12m--> \u001b[0m\u001b[0mcrates/groth16/src/wrapper.rs:478:45\u001b[0m\n\u001b[0m    \u001b[0m\u001b[0m\u001b[1m\u001b[38;5;12m|\u001b[0m\n\u001b[0m\u001b[1m\u001b[38;5;12m478\u001b[0m\u001b[0m \u001b[0m\u001b[0m\u001b[1m\u001b[38;5;12m|\u001b[0m\u001b[0m \u001b[0m\u001b[0m    proofs_and_inputs: &[(Proof<Bn254>, Vec<Bn254::ScalarField>)],\u001b[0m\n\u001b[0m    \u001b[0m\u001b[0m\u001b[1m\u001b[38;5;12m|\u001b[0m\u001b[0m                                             \u001b[0m\u001b[0m\u001b[1m\u001b[38;5;9m^^^^^^^^^^^^^^^^^^\u001b[0m\u001b[0m \u001b[0m\u001b[0m\u001b[1m\u001b[38;5;9mhelp: use fully-qualified syntax: `<ark_ec::models::bn::Bn<ark_bn254::Config> as ark_ec::pairing::Pairing>::ScalarField`\u001b[0m\n\n"}
{"$message_type":"diagnostic","message":"failed to resolve: use of undeclared type `Layer`","code":{"code":"E0433","explanation":"An undeclared crate, module, or type was used.\n\nErroneous code example:\n\n```compile_fail,E0433\nlet map = HashMap::new();\n// error: failed to resolve: use of undeclared type `HashMap`\n```\n\nPlease verify you didn't misspell the type/module's name or that you didn't\nforget to import it:\n\n```\nuse std::collections::HashMap; // HashMap has been imported.\nlet map: HashMap<u32, u32> = HashMap::new(); // So it can be used!\n```\n\nIf you've expected to use a crate name:\n\n```compile_fail\nuse ferris_wheel::BigO;\n// error: failed to resolve: use of undeclared crate or module `ferris_wheel`\n```\n\nMake sure the crate has been added as a dependency in `Cargo.toml`.\n\nTo use a module from your current crate, add the `crate::` prefix to the path.\n"},"level":"error","spans":[{"file_name":"crates/groth16/src/wrapper.rs","byte_start":4234,"byte_end":4239,"line_start":117,"line_end":117,"column_start":17,"column_end":22,"is_primary":true,"text":[{"text":"    let layer = Layer::new();","highlight_start":17,"highlight_end":22}],"label":"use of undeclared type `Layer`","suggested_replacement":null,"suggestion_applicability":null,"expansion":null}],"children":[],"rendered":"\u001b[0m\u001b[1m\u001b[38;5;9merror[E0433]\u001b[0m\u001b[0m\u001b[1m: failed to resolve: use of undeclared type `Layer`\u001b[0m\n\u001b[0m   \u001b[0m\u001b[0m\u001b[1m\u001b[38;5;12m--> \u001b[0m\u001b[0mcrates/groth16/src/wrapper.rs:117:17\u001b[0m\n\u001b[0m    \u001b[0m\u001b[0m\u001b[1m\u001b[38;5;12m|\u001b[0m\n\u001b[0m\u001b[1m\u001b[38;5;12m117\u001b[0m\u001b[0m \u001b[0m\u001b[0m\u001b[1m\u001b[38;5;12m|\u001b[0m\u001b[0m \u001b[0m\u001b[0m    let layer = Layer::new();\u001b[0m\n\u001b[0m    \u001b[0m\u001b[0m\u001b[1m\u001b[38;5;12m|\u001b[0m\u001b[0m                 \u001b[0m\u001b[0m\u001b[1m\u001b[38;5;9m^^^^^\u001b[0m\u001b[0m \u001b[0m\u001b[0m\u001b[1m\u001b[38;5;9muse of undeclared type `Layer`\u001b[0m\n\n"}
{"$message_type":"diagnostic","message":"no function or associated item named `setup` found for struct `Groth16` in the current scope","code":{"code":"E0599","explanation":"This error occurs when a method is used on a type which doesn't implement it:\n\nErroneous code example:\n\n```compile_fail,E0599\nstruct Mouth;\n\nlet x = Mouth;\nx.chocolate(); // error: no method named `chocolate` found for type `Mouth`\n               //        in the current scope\n```\n\nIn this case, you need to implement the `chocolate` method to fix the error:\n\n```\nstruct Mouth;\n\nimpl Mouth {\n    fn chocolate(&self) { // We implement the `chocolate` method here.\n        println!(\"Hmmm! I love chocolate!\");\n    }\n}\n\nlet x = Mouth;\nx.chocolate(); // ok!\n```\n"},"level":"error","spans":[{"file_name":"crates/groth16/src/wrapper.rs","byte_start":4851,"byte_end":4856,"line_start":130,"line_end":130,"column_start":38,"column_end":43,"is_primary":true,"text":[{"text":"    let (pk, vk) = Groth16::<Bn254>::setup(circuit, rng)","highlight_start":38,"highlight_end":43}],"label":"function or associated item not found in `Groth16<Bn<Config>>`","suggested_replacement":null,"suggestion_applicability":null,"expansion":null}],"children":[{"message":"items from traits can only be used if the trait is in scope","code":null,"level":"help","spans":[],"children":[],"rendered":null},{"message":"trait `CircuitSpecificSetupSNARK` which provides `setup` is implemented but not in scope; perhaps you want to import it","code":null,"level":"help","spans":[{"file_name":"crates/groth16/src/wrapper.rs","byte_start":236,"byte_end":236,"line_start":6,"line_end":6,"column_start":1,"column_end":1,"is_primary":true,"text":[{"text":"use crate::error::{Groth16Error, Result};","highlight_start":1,"highlight_end":1}],"label":null,"suggested_replacement":"use ark_snark::CircuitSpecificSetupSNARK;\n","suggestion_applicability":"MaybeIncorrect","expansion":null}],"children":[],"rendered":null}],"rendered":"\u001b[0m\u001b[1m\u001b[38;5;9merror[E0599]\u001b[0m\u001b[0m\u001b[1m: no function or associated item named `setup` found for struct `Groth16` in the current scope\u001b[0m\n\u001b[0m   \u001b[0m\u001b[0m\u001b[1m\u001b[38;5;12m--> \u001b[0m\u001b[0mcrates/groth16/src/wrapper.rs:130:38\u001b[0m\n\u001b[0m    \u001b[0m\u001b[0m\u001b[1m\u001b[38;5;12m|\u001b[0m\n\u001b[0m\u001b[1m\u001b[38;5;12m130\u001b[0m\u001b[0m \u001b[0m\u001b[0m\u001b[1m\u001b[38;5;12m|\u001b[0m\u001b[0m \u001b[0m\u001b[0m    let (pk, vk) = Groth16::<Bn254>::setup(circuit, rng)\u001b[0m\n\u001b[0m    \u001b[0m\u001b[0m\u001b[1m\u001b[38;5;12m|\u001b[0m\u001b[0m                                      \u001b[0m\u001b[0m\u001b[1m\u001b[38;5;9m^^^^^\u001b[0m\u001b[0m \u001b[0m\u001b[0m\u001b[1m\u001b[38;5;9mfunction or associated item not found in `Groth16<Bn<Config>>`\u001b[0m\n\u001b[0m    \u001b[0m\u001b[0m\u001b[1m\u001b[38;5;12m|\u001b[0m\n\u001b[0m    \u001b[0m\u001b[0m\u001b[1m\u001b[38;5;12m= \u001b[0m\u001b[0m\u001b[1mhelp\u001b[0m\u001b[0m: items from traits can only be used if the trait is in scope\u001b[0m\n\u001b[0m\u001b[1m\u001b[38;5;14mhelp\u001b[0m\u001b[0m: trait `CircuitSpecificSetupSNARK` which provides `setup` is implemented but not in scope; perhaps you want to import it\u001b[0m\n\u001b[0m    \u001b[0m\u001b[0m\u001b[1m\u001b[38;5;12m|\u001b[0m\n\u001b[0m\u001b[1m\u001b[38;5;12m6\u001b[0m\u001b[0m   \u001b[0m\u001b[0m\u001b[38;5;10m+ use ark_snark::CircuitSpecificSetupSNARK;\u001b[0m\n\u001b[0m    \u001b[0m\u001b[0m\u001b[1m\u001b[38;5;12m|\u001b[0m\n\n"}
{"$message_type":"diagnostic","message":"no function or associated item named `prove` found for struct `Groth16` in the current scope","code":{"code":"E0599","explanation":"This error occurs when a method is used on a type which doesn't implement it:\n\nErroneous code example:\n\n```compile_fail,E0599\nstruct Mouth;\n\nlet x = Mouth;\nx.chocolate(); // error: no method named `chocolate` found for type `Mouth`\n               //        in the current scope\n```\n\nIn this case, you need to implement the `chocolate` method to fix the error:\n\n```\nstruct Mouth;\n\nimpl Mouth {\n    fn chocolate(&self) { // We implement the `chocolate` method here.\n        println!(\"Hmmm! I love chocolate!\");\n    }\n}\n\nlet x = Mouth;\nx.chocolate(); // ok!\n```\n"},"level":"error","spans":[{"file_name":"crates/groth16/src/wrapper.rs","byte_start":9102,"byte_end":9107,"line_start":267,"line_end":267,"column_start":23,"column_end":28,"is_primary":true,"text":[{"text":"    Groth16::<Bn254>::prove(pk, circuit)","highlight_start":23,"highlight_end":28}],"label":"function or associated item not found in `Groth16<Bn<Config>>`","suggested_replacement":null,"suggestion_applicability":null,"expansion":null}],"children":[{"message":"items from traits can only be used if the trait is in scope","code":null,"level":"help","spans":[],"children":[],"rendered":null},{"message":"trait `SNARK` which provides `prove` is implemented but not in scope; perhaps you want to import it","code":null,"level":"help","spans":[{"file_name":"crates/groth16/src/wrapper.rs","byte_start":236,"byte_end":236,"line_start":6,"line_end":6,"column_start":1,"column_end":1,"is_primary":true,"text":[{"text":"use crate::error::{Groth16Error, Result};","highlight_start":1,"highlight_end":1}],"label":null,"suggested_replacement":"use ark_snark::SNARK;\n","suggestion_applicability":"MaybeIncorrect","expansion":null}],"children":[],"rendered":null}],"rendered":"\u001b[0m\u001b[1m\u001b[38;5;9merror[E0599]\u001b[0m\u001b[0m\u001b[1m: no function or associated item named `prove` found for struct `Groth16` in the current scope\u001b[0m\n\u001b[0m   \u001b[0m\u001b[0m\u001b[1m\u001b[38;5;12m--> \u001b[0m\u001b[0mcrates/groth16/src/wrapper.rs:267:23\u001b[0m\n\u001b[0m    \u001b[0m\u001b[0m\u001b[1m\u001b[38;5;12m|\u001b[0m\n\u001b[0m\u001b[1m\u001b[38;5;12m267\u001b[0m\u001b[0m \u001b[0m\u001b[0m\u001b[1m\u001b[38;5;12m|\u001b[0m\u001b[0m \u001b[0m\u001b[0m    Groth16::<Bn254>::prove(pk, circuit)\u001b[0m\n\u001b[0m    \u001b[0m\u001b[0m\u001b[1m\u001b[38;5;12m|\u001b[0m\u001b[0m                       \u001b[0m\u001b[0m\u001b[1m\u001b[38;5;9m^^^^^\u001b[0m\u001b[0m \u001b[0m\u001b[0m\u001b[1m\u001b[38;5;9mfunction or associated item not found in `Groth16<Bn<Config>>`\u001b[0m\n\u001b[0m    \u001b[0m\u001b[0m\u001b[1m\u001b[38;5;12m|\u001b[0m\n\u001b[0m    \u001b[0m\u001b[0m\u001b[1m\u001b[38;5;12m= \u001b[0m\u001b[0m\u001b[1mhelp\u001b[0m\u001b[0m: items from traits can only be used if the trait is in scope\u001b[0m\n\u001b[0m\u001b[1m\u001b[38;5;14mhelp\u001b[0m\u001b[0m: trait `SNARK` which provides `prove` is implemented but not in scope; perhaps you want to import it\u001b[0m\n\u001b[0m    \u001b[0m\u001b[0m\u001b[1m\u001b[38;5;12m|\u001b[0m\n\u001b[0m\u001b[1m\u001b[38;5;12m6\u001b[0m\u001b[0m   \u001b[0m\u001b[0m\u001b[38;5;10m+ use ark_snark::SNARK;\u001b[0m\n\u001b[0m    \u001b[0m\u001b[0m\u001b[1m\u001b[38;5;12m|\u001b[0m\n\n"}
{"$message_type":"diagnostic","message":"the trait bound `PreparedVerifyingKey<_>: From<&VerifyingKey<ark_ec::models::bn::Bn<ark_bn254::Config>>>` is not satisfied","code":{"code":"E0277","explanation":"You tried to use a type which doesn't implement some trait in a place which\nexpected that trait.\n\nErroneous code example:\n\n```compile_fail,E0277\n// here we declare the Foo trait with a bar method\ntrait Foo {\n    fn bar(&self);\n}\n\n// we now declare a function which takes an object implementing the Foo trait\nfn some_func<T: Foo>(foo: T) {\n    foo.bar();\n}\n\nfn main() {\n    // we now call the method with the i32 type, which doesn't implement\n    // the Foo trait\n    some_func(5i32); // error: the trait bound `i32 : Foo` is not satisfied\n}\n```\n\nIn order to fix this error, verify that the type you're using does implement\nthe trait. Example:\n\n```\ntrait Foo {\n    fn bar(&self);\n}\n\n// we implement the trait on the i32 type\nimpl Foo for i32 {\n    fn bar(&self) {}\n}\n\nfn some_func<T: Foo>(foo: T) {\n    foo.bar(); // we can now use this method since i32 implements the\n               // Foo trait\n}\n\nfn main() {\n    some_func(5i32); // ok!\n}\n```\n\nOr in a generic context, an erroneous code example would look like:\n\n```compile_fail,E0277\nfn some_func<T>(foo: T) {\n    println!(\"{:?}\", foo); // error: the trait `core::fmt::Debug` is not\n                           //        implemented for the type `T`\n}\n\nfn main() {\n    // We now call the method with the i32 type,\n    // which *does* implement the Debug trait.\n    some_func(5i32);\n}\n```\n\nNote that the error here is in the definition of the generic function. Although\nwe only call it with a parameter that does implement `Debug`, the compiler\nstill rejects the function. It must work with all possible input types. In\norder to make this example compile, we need to restrict the generic type we're\naccepting:\n\n```\nuse std::fmt;\n\n// Restrict the input type to types that implement Debug.\nfn some_func<T: fmt::Debug>(foo: T) {\n    println!(\"{:?}\", foo);\n}\n\nfn main() {\n    // Calling the method is still fine, as i32 implements Debug.\n    some_func(5i32);\n\n    // This would fail to compile now:\n    // struct WithoutDebug;\n    // some_func(WithoutDebug);\n}\n```\n\nRust only looks at the signature of the called function, as such it must\nalready specify all requirements that will be used for every type parameter.\n"},"level":"error","spans":[{"file_name":"crates/groth16/src/wrapper.rs","byte_start":13270,"byte_end":13290,"line_start":393,"line_end":393,"column_start":15,"column_end":35,"is_primary":true,"text":[{"text":"    let pvk = PreparedVerifyingKey::from(vk);","highlight_start":15,"highlight_end":35}],"label":"the trait `From<&VerifyingKey<ark_ec::models::bn::Bn<ark_bn254::Config>>>` is not implemented for `PreparedVerifyingKey<_>`","suggested_replacement":null,"suggestion_applicability":null,"expansion":null}],"children":[{"message":"the trait `From<VerifyingKey<_>>` is implemented for `PreparedVerifyingKey<_>`","code":null,"level":"help","spans":[],"children":[],"rendered":null},{"message":"for that trait implementation, expected `VerifyingKey<_>`, found `&VerifyingKey<ark_ec::models::bn::Bn<ark_bn254::Config>>`","code":null,"level":"help","spans":[],"children":[],"rendered":null}],"rendered":"\u001b[0m\u001b[1m\u001b[38;5;9merror[E0277]\u001b[0m\u001b[0m\u001b[1m: the trait bound `PreparedVerifyingKey<_>: From<&VerifyingKey<ark_ec::models::bn::Bn<ark_bn254::Config>>>` is not satisfied\u001b[0m\n\u001b[0m   \u001b[0m\u001b[0m\u001b[1m\u001b[38;5;12m--> \u001b[0m\u001b[0mcrates/groth16/src/wrapper.rs:393:15\u001b[0m\n\u001b[0m    \u001b[0m\u001b[0m\u001b[1m\u001b[38;5;12m|\u001b[0m\n\u001b[0m\u001b[1m\u001b[38;5;12m393\u001b[0m\u001b[0m \u001b[0m\u001b[0m\u001b[1m\u001b[38;5;12m|\u001b[0m\u001b[0m \u001b[0m\u001b[0m    let pvk = PreparedVerifyingKey::from(vk);\u001b[0m\n\u001b[0m    \u001b[0m\u001b[0m\u001b[1m\u001b[38;5;12m|\u001b[0m\u001b[0m               \u001b[0m\u001b[0m\u001b[1m\u001b[38;5;9m^^^^^^^^^^^^^^^^^^^^\u001b[0m\u001b[0m \u001b[0m\u001b[0m\u001b[1m\u001b[38;5;9mthe trait `From<&VerifyingKey<ark_ec::models::bn::Bn<ark_bn254::Config>>>` is not implemented for `PreparedVerifyingKey<_>`\u001b[0m\n\u001b[0m    \u001b[0m\u001b[0m\u001b[1m\u001b[38;5;12m|\u001b[0m\n\u001b[0m    \u001b[0m\u001b[0m\u001b[1m\u001b[38;5;12m= \u001b[0m\u001b[0m\u001b[1mhelp\u001b[0m\u001b[0m: the trait `From<VerifyingKey<_>>` \u001b[0m\u001b[0m\u001b[1m\u001b[35mis\u001b[0m\u001b[0m implemented for `\u001b[0m\u001b[0m\u001b[1m\u001b[35mPreparedVerifyingKey<_>\u001b[0m\u001b[0m`\u001b[0m\n\u001b[0m    \u001b[0m\u001b[0m\u001b[1m\u001b[38;5;12m= \u001b[0m\u001b[0m\u001b[1mhelp\u001b[0m\u001b[0m: for that trait implementation, expected `VerifyingKey<_>`, found `&VerifyingKey<ark_ec::models::bn::Bn<ark_bn254::Config>>`\u001b[0m\n\n"}
{"$message_type":"diagnostic","message":"no function or associated item named `verify_with_processed_vk` found for struct `Groth16` in the current scope","code":{"code":"E0599","explanation":"This error occurs when a method is used on a type which doesn't implement it:\n\nErroneous code example:\n\n```compile_fail,E0599\nstruct Mouth;\n\nlet x = Mouth;\nx.chocolate(); // error: no method named `chocolate` found for type `Mouth`\n               //        in the current scope\n```\n\nIn this case, you need to implement the `chocolate` method to fix the error:\n\n```\nstruct Mouth;\n\nimpl Mouth {\n    fn chocolate(&self) { // We implement the `chocolate` method here.\n        println!(\"Hmmm! I love chocolate!\");\n    }\n}\n\nlet x = Mouth;\nx.chocolate(); // ok!\n```\n"},"level":"error","spans":[{"file_name":"crates/groth16/src/wrapper.rs","byte_start":13653,"byte_end":13677,"line_start":402,"line_end":402,"column_start":38,"column_end":62,"is_primary":true,"text":[{"text":"    let is_valid = Groth16::<Bn254>::verify_with_processed_vk(&pvk, public_inputs, proof)","highlight_start":38,"highlight_end":62}],"label":"function or associated item not found in `Groth16<Bn<Config>>`","suggested_replacement":null,"suggestion_applicability":null,"expansion":null}],"children":[{"message":"items from traits can only be used if the trait is in scope","code":null,"level":"help","spans":[],"children":[],"rendered":null},{"message":"trait `SNARK` which provides `verify_with_processed_vk` is implemented but not in scope; perhaps you want to import it","code":null,"level":"help","spans":[{"file_name":"crates/groth16/src/wrapper.rs","byte_start":236,"byte_end":236,"line_start":6,"line_end":6,"column_start":1,"column_end":1,"is_primary":true,"text":[{"text":"use crate::error::{Groth16Error, Result};","highlight_start":1,"highlight_end":1}],"label":null,"suggested_replacement":"use ark_snark::SNARK;\n","suggestion_applicability":"MaybeIncorrect","expansion":null}],"children":[],"rendered":null},{"message":"there is an associated function `verify_proof` with a similar name","code":null,"level":"help","spans":[{"file_name":"crates/groth16/src/wrapper.rs","byte_start":13653,"byte_end":13677,"line_start":402,"line_end":402,"column_start":38,"column_end":62,"is_primary":true,"text":[{"text":"    let is_valid = Groth16::<Bn254>::verify_with_processed_vk(&pvk, public_inputs, proof)","highlight_start":38,"highlight_end":62}],"label":null,"suggested_replacement":"verify_proof","suggestion_applicability":"MaybeIncorrect","expansion":null}],"children":[],"rendered":null}],"rendered":"\u001b[0m\u001b[1m\u001b[38;5;9merror[E0599]\u001b[0m\u001b[0m\u001b[1m: no function or associated item named `verify_with_processed_vk` found for struct `Groth16` in the current scope\u001b[0m\n\u001b[0m   \u001b[0m\u001b[0m\u001b[1m\u001b[38;5;12m--> \u001b[0m\u001b[0mcrates/groth16/src/wrapper.rs:402:38\u001b[0m\n\u001b[0m    \u001b[0m\u001b[0m\u001b[1m\u001b[38;5;12m|\u001b[0m\n\u001b[0m\u001b[1m\u001b[38;5;12m402\u001b[0m\u001b[0m \u001b[0m\u001b[0m\u001b[1m\u001b[38;5;12m|\u001b[0m\u001b[0m \u001b[0m\u001b[0m    let is_valid = Groth16::<Bn254>::verify_with_processed_vk(&pvk, public_inputs, proof)\u001b[0m\n\u001b[0m    \u001b[0m\u001b[0m\u001b[1m\u001b[38;5;12m|\u001b[0m\u001b[0m                                      \u001b[0m\u001b[0m\u001b[1m\u001b[38;5;9m^^^^^^^^^^^^^^^^^^^^^^^^\u001b[0m\u001b[0m \u001b[0m\u001b[0m\u001b[1m\u001b[38;5;9mfunction or associated item not found in `Groth16<Bn<Config>>`\u001b[0m\n\u001b[0m    \u001b[0m\u001b[0m\u001b[1m\u001b[38;5;12m|\u001b[0m\n\u001b[0m    \u001b[0m\u001b[0m\u001b[1m\u001b[38;5;12m= \u001b[0m\u001b[0m\u001b[1mhelp\u001b[0m\u001b[0m: items from traits can only be used if the trait is in scope\u001b[0m\n\u001b[0m\u001b[1m\u001b[38;5;14mhelp\u001b[0m\u001b[0m: trait `SNARK` which provides `verify_with_processed_vk` is implemented but not in scope; perhaps you want to import it\u001b[0m\n\u001b[0m    \u001b[0m\u001b[0m\u001b[1m\u001b[38;5;12m|\u001b[0m\n\u001b[0m\u001b[1m\u001b[38;5;12m6\u001b[0m\u001b[0m   \u001b[0m\u001b[0m\u001b[38;5;10m+ use ark_snark::SNARK;\u001b[0m\n\u001b[0m    \u001b[0m\u001b[0m\u001b[1m\u001b[38;5;12m|\u001b[0m\n\u001b[0m\u001b[1m\u001b[38;5;14mhelp\u001b[0m\u001b[0m: there is an associated function `verify_proof` with a similar name\u001b[0m\n\u001b[0m    \u001b[0m\u001b[0m\u001b[1m\u001b[38;5;12m|\u001b[0m\n\u001b[0m\u001b[1m\u001b[38;5;12m402\u001b[0m\u001b[0m \u001b[0m\u001b[0m\u001b[1m\u001b[38;5;12m| \u001b[0m\u001b[0m    let is_valid = Groth16::<Bn254>::\u001b[0m\u001b[0m\u001b[38;5;10mverify_proof\u001b[0m\u001b[0m(&pvk, public_inputs, proof)\u001b[0m\n\u001b[0m    \u001b[0m\u001b[0m\u001b[1m\u001b[38;5;12m|\u001b[0m\u001b[0m                                      \u001b[0m\u001b[0m\u001b[38;5;10m~~~~~~~~~~~~\u001b[0m\n\n"}
{"$message_type":"diagnostic","message":"no function or associated item named `verify_batch` found for struct `Groth16` in the current scope","code":{"code":"E0599","explanation":"This error occurs when a method is used on a type which doesn't implement it:\n\nErroneous code example:\n\n```compile_fail,E0599\nstruct Mouth;\n\nlet x = Mouth;\nx.chocolate(); // error: no method named `chocolate` found for type `Mouth`\n               //        in the current scope\n```\n\nIn this case, you need to implement the `chocolate` method to fix the error:\n\n```\nstruct Mouth;\n\nimpl Mouth {\n    fn chocolate(&self) { // We implement the `chocolate` method here.\n        println!(\"Hmmm! I love chocolate!\");\n    }\n}\n\nlet x = Mouth;\nx.chocolate(); // ok!\n```\n"},"level":"error","spans":[{"file_name":"crates/groth16/src/wrapper.rs","byte_start":16224,"byte_end":16236,"line_start":482,"line_end":482,"column_start":23,"column_end":35,"is_primary":true,"text":[{"text":"    Groth16::<Bn254>::verify_batch(vk, proofs_and_inputs)","highlight_start":23,"highlight_end":35}],"label":"function or associated item not found in `Groth16<Bn<Config>>`","suggested_replacement":null,"suggestion_applicability":null,"expansion":null}],"children":[{"message":"there is an associated function `verify` with a similar name","code":null,"level":"help","spans":[{"file_name":"/Users/boycrypt/.cargo/registry/src/index.crates.io-6f17d22bba15001f/ark-snark-0.4.0/src/lib.rs","byte_start":2139,"byte_end":2282,"line_start":57,"line_end":61,"column_start":5,"column_end":35,"is_primary":true,"text":[{"text":"    fn verify(","highlight_start":5,"highlight_end":1},{"text":"        circuit_vk: &Self::VerifyingKey,","highlight_start":1,"highlight_end":1},{"text":"        public_input: &[F],","highlight_start":1,"highlight_end":1},{"text":"        proof: &Self::Proof,","highlight_start":1,"highlight_end":1},{"text":"    ) -> Result<bool, Self::Error> {","highlight_start":1,"highlight_end":35}],"label":null,"suggested_replacement":null,"suggestion_applicability":null,"expansion":null}],"children":[],"rendered":null}],"rendered":"\u001b[0m\u001b[1m\u001b[38;5;9merror[E0599]\u001b[0m\u001b[0m\u001b[1m: no function or associated item named `verify_batch` found for struct `Groth16` in the current scope\u001b[0m\n\u001b[0m   \u001b[0m\u001b[0m\u001b[1m\u001b[38;5;12m--> \u001b[0m\u001b[0mcrates/groth16/src/wrapper.rs:482:23\u001b[0m\n\u001b[0m    \u001b[0m\u001b[0m\u001b[1m\u001b[38;5;12m|\u001b[0m\n\u001b[0m\u001b[1m\u001b[38;5;12m482\u001b[0m\u001b[0m \u001b[0m\u001b[0m\u001b[1m\u001b[38;5;12m|\u001b[0m\u001b[0m \u001b[0m\u001b[0m    Groth16::<Bn254>::verify_batch(vk, proofs_and_inputs)\u001b[0m\n\u001b[0m    \u001b[0m\u001b[0m\u001b[1m\u001b[38;5;12m|\u001b[0m\u001b[0m                       \u001b[0m\u001b[0m\u001b[1m\u001b[38;5;9m^^^^^^^^^^^^\u001b[0m\u001b[0m \u001b[0m\u001b[0m\u001b[1m\u001b[38;5;9mfunction or associated item not found in `Groth16<Bn<Config>>`\u001b[0m\n\u001b[0m    \u001b[0m\u001b[0m\u001b[1m\u001b[38;5;12m|\u001b[0m\n\u001b[0m\u001b[1m\u001b[38;5;14mhelp\u001b[0m\u001b[0m: there is an associated function `verify` with a similar name\u001b[0m\n\u001b[0m   \u001b[0m\u001b[0m\u001b[1m\u001b[38;5;12m--> \u001b[0m\u001b[0m/Users/boycrypt/.cargo/registry/src/index.crates.io-6f17d22bba15001f/ark-snark-0.4.0/src/lib.rs:57:5\u001b[0m\n\u001b[0m    \u001b[0m\u001b[0m\u001b[1m\u001b[38;5;12m|\u001b[0m\n\u001b[0m\u001b[1m\u001b[38;5;12m57\u001b[0m\u001b[0m  \u001b[0m\u001b[0m\u001b[1m\u001b[38;5;12m|\u001b[0m\u001b[0m \u001b[0m\u001b[0m\u001b[1m\u001b[38;5;14m/\u001b[0m\u001b[0m \u001b[0m\u001b[0m    fn verify(\u001b[0m\n\u001b[0m\u001b[1m\u001b[38;5;12m58\u001b[0m\u001b[0m  \u001b[0m\u001b[0m\u001b[1m\u001b[38;5;12m|\u001b[0m\u001b[0m \u001b[0m\u001b[0m\u001b[1m\u001b[38;5;14m|\u001b[0m\u001b[0m \u001b[0m\u001b[0m        circuit_vk: &Self::VerifyingKey,\u001b[0m\n\u001b[0m\u001b[1m\u001b[38;5;12m59\u001b[0m\u001b[0m  \u001b[0m\u001b[0m\u001b[1m\u001b[38;5;12m|\u001b[0m\u001b[0m \u001b[0m\u001b[0m\u001b[1m\u001b[38;5;14m|\u001b[0m\u001b[0m \u001b[0m\u001b[0m        public_input: &[F],\u001b[0m\n\u001b[0m\u001b[1m\u001b[38;5;12m60\u001b[0m\u001b[0m  \u001b[0m\u001b[0m\u001b[1m\u001b[38;5;12m|\u001b[0m\u001b[0m \u001b[0m\u001b[0m\u001b[1m\u001b[38;5;14m|\u001b[0m\u001b[0m \u001b[0m\u001b[0m        proof: &Self::Proof,\u001b[0m\n\u001b[0m\u001b[1m\u001b[38;5;12m61\u001b[0m\u001b[0m  \u001b[0m\u001b[0m\u001b[1m\u001b[38;5;12m|\u001b[0m\u001b[0m \u001b[0m\u001b[0m\u001b[1m\u001b[38;5;14m|\u001b[0m\u001b[0m \u001b[0m\u001b[0m    ) -> Result<bool, Self::Error> {\u001b[0m\n\u001b[0m    \u001b[0m\u001b[0m\u001b[1m\u001b[38;5;12m|\u001b[0m\u001b[0m \u001b[0m\u001b[0m\u001b[1m\u001b[38;5;14m|__________________________________^\u001b[0m\n\n"}
{"$message_type":"diagnostic","message":"aborting due to 12 previous errors","code":null,"level":"error","spans":[],"children":[],"rendered":"\u001b[0m\u001b[1m\u001b[38;5;9merror\u001b[0m\u001b[0m\u001b[1m: aborting due to 12 previous errors\u001b[0m\n\n"}
{"$message_type":"diagnostic","message":"Some errors have detailed explanations: E0223, E0277, E0432, E0433, E0599.","code":null,"level":"failure-note","spans":[],"children":[],"rendered":"\u001b[0m\u001b[1mSome errors have detailed explanations: E0223, E0277, E0432, E0433, E0599.\u001b[0m\n"}
{"$message_type":"diagnostic","message":"For more information about an error, try `rustc --explain E0223`.","code":null,"level":"failure-note","spans":[],"children":[],"rendered":"\u001b[0m\u001b[1mFor more information about an error, try `rustc --explain E0223`.\u001b[0m\n"}
