{"$message_type":"diagnostic","message":"unresolved import `ark_poly::UvPolynomial`","code":{"code":"E0432","explanation":"An import was unresolved.\n\nErroneous code example:\n\n```compile_fail,E0432\nuse something::Foo; // error: unresolved import `something::Foo`.\n```\n\nIn Rust 2015, paths in `use` statements are relative to the crate root. To\nimport items relative to the current and parent modules, use the `self::` and\n`super::` prefixes, respectively.\n\nIn Rust 2018 or later, paths in `use` statements are relative to the current\nmodule unless they begin with the name of a crate or a literal `crate::`, in\nwhich case they start from the crate root. As in Rust 2015 code, the `self::`\nand `super::` prefixes refer to the current and parent modules respectively.\n\nAlso verify that you didn't misspell the import name and that the import exists\nin the module from where you tried to import it. Example:\n\n```\nuse self::something::Foo; // Ok.\n\nmod something {\n    pub struct Foo;\n}\n# fn main() {}\n```\n\nIf you tried to use a module from an external crate and are using Rust 2015,\nyou may have missed the `extern crate` declaration (which is usually placed in\nthe crate root):\n\n```edition2015\nextern crate core; // Required to use the `core` crate in Rust 2015.\n\nuse core::any;\n# fn main() {}\n```\n\nSince Rust 2018 the `extern crate` declaration is not required and\nyou can instead just `use` it:\n\n```edition2018\nuse core::any; // No extern crate required in Rust 2018.\n# fn main() {}\n```\n"},"level":"error","spans":[{"file_name":"examples/basic_usage_old.rs","byte_start":615,"byte_end":627,"line_start":17,"line_end":17,"column_start":45,"column_end":57,"is_primary":true,"text":[{"text":"use ark_poly::{univariate::DensePolynomial, UvPolynomial};","highlight_start":45,"highlight_end":57}],"label":"no `UvPolynomial` in the root","suggested_replacement":null,"suggestion_applicability":null,"expansion":null}],"children":[{"message":"a similar name exists in the module","code":null,"level":"help","spans":[{"file_name":"examples/basic_usage_old.rs","byte_start":615,"byte_end":627,"line_start":17,"line_end":17,"column_start":45,"column_end":57,"is_primary":true,"text":[{"text":"use ark_poly::{univariate::DensePolynomial, UvPolynomial};","highlight_start":45,"highlight_end":57}],"label":null,"suggested_replacement":"Polynomial","suggestion_applicability":"MaybeIncorrect","expansion":null}],"children":[],"rendered":null}],"rendered":"\u001b[0m\u001b[1m\u001b[38;5;9merror[E0432]\u001b[0m\u001b[0m\u001b[1m: unresolved import `ark_poly::UvPolynomial`\u001b[0m\n\u001b[0m  \u001b[0m\u001b[0m\u001b[1m\u001b[38;5;12m--> \u001b[0m\u001b[0mexamples/basic_usage_old.rs:17:45\u001b[0m\n\u001b[0m   \u001b[0m\u001b[0m\u001b[1m\u001b[38;5;12m|\u001b[0m\n\u001b[0m\u001b[1m\u001b[38;5;12m17\u001b[0m\u001b[0m \u001b[0m\u001b[0m\u001b[1m\u001b[38;5;12m|\u001b[0m\u001b[0m \u001b[0m\u001b[0muse ark_poly::{univariate::DensePolynomial, UvPolynomial};\u001b[0m\n\u001b[0m   \u001b[0m\u001b[0m\u001b[1m\u001b[38;5;12m|\u001b[0m\u001b[0m                                             \u001b[0m\u001b[0m\u001b[1m\u001b[38;5;9m^^^^^^^^^^^^\u001b[0m\n\u001b[0m   \u001b[0m\u001b[0m\u001b[1m\u001b[38;5;12m|\u001b[0m\u001b[0m                                             \u001b[0m\u001b[0m\u001b[1m\u001b[38;5;9m|\u001b[0m\n\u001b[0m   \u001b[0m\u001b[0m\u001b[1m\u001b[38;5;12m|\u001b[0m\u001b[0m                                             \u001b[0m\u001b[0m\u001b[1m\u001b[38;5;9mno `UvPolynomial` in the root\u001b[0m\n\u001b[0m   \u001b[0m\u001b[0m\u001b[1m\u001b[38;5;12m|\u001b[0m\u001b[0m                                             \u001b[0m\u001b[0m\u001b[1m\u001b[38;5;9mhelp: a similar name exists in the module: `Polynomial`\u001b[0m\n\n"}
{"$message_type":"diagnostic","message":"unused import: `ark_ff::Field`","code":{"code":"unused_imports","explanation":null},"level":"warning","spans":[{"file_name":"examples/basic_usage_old.rs","byte_start":556,"byte_end":569,"line_start":16,"line_end":16,"column_start":5,"column_end":18,"is_primary":true,"text":[{"text":"use ark_ff::Field;","highlight_start":5,"highlight_end":18}],"label":null,"suggested_replacement":null,"suggestion_applicability":null,"expansion":null}],"children":[{"message":"`#[warn(unused_imports)]` on by default","code":null,"level":"note","spans":[],"children":[],"rendered":null},{"message":"remove the whole `use` item","code":null,"level":"help","spans":[{"file_name":"examples/basic_usage_old.rs","byte_start":552,"byte_end":571,"line_start":16,"line_end":17,"column_start":1,"column_end":1,"is_primary":true,"text":[{"text":"use ark_ff::Field;","highlight_start":1,"highlight_end":19},{"text":"use ark_poly::{univariate::DensePolynomial, UvPolynomial};","highlight_start":1,"highlight_end":1}],"label":null,"suggested_replacement":"","suggestion_applicability":"MachineApplicable","expansion":null}],"children":[],"rendered":null}],"rendered":"\u001b[0m\u001b[1m\u001b[33mwarning\u001b[0m\u001b[0m\u001b[1m: unused import: `ark_ff::Field`\u001b[0m\n\u001b[0m  \u001b[0m\u001b[0m\u001b[1m\u001b[38;5;12m--> \u001b[0m\u001b[0mexamples/basic_usage_old.rs:16:5\u001b[0m\n\u001b[0m   \u001b[0m\u001b[0m\u001b[1m\u001b[38;5;12m|\u001b[0m\n\u001b[0m\u001b[1m\u001b[38;5;12m16\u001b[0m\u001b[0m \u001b[0m\u001b[0m\u001b[1m\u001b[38;5;12m|\u001b[0m\u001b[0m \u001b[0m\u001b[0muse ark_ff::Field;\u001b[0m\n\u001b[0m   \u001b[0m\u001b[0m\u001b[1m\u001b[38;5;12m|\u001b[0m\u001b[0m     \u001b[0m\u001b[0m\u001b[1m\u001b[33m^^^^^^^^^^^^^\u001b[0m\n\u001b[0m   \u001b[0m\u001b[0m\u001b[1m\u001b[38;5;12m|\u001b[0m\n\u001b[0m   \u001b[0m\u001b[0m\u001b[1m\u001b[38;5;12m= \u001b[0m\u001b[0m\u001b[1mnote\u001b[0m\u001b[0m: `#[warn(unused_imports)]` on by default\u001b[0m\n\n"}
{"$message_type":"diagnostic","message":"arguments to this function are incorrect","code":{"code":"E0308","explanation":"Expected type did not match the received type.\n\nErroneous code examples:\n\n```compile_fail,E0308\nfn plus_one(x: i32) -> i32 {\n    x + 1\n}\n\nplus_one(\"Not a number\");\n//       ^^^^^^^^^^^^^^ expected `i32`, found `&str`\n\nif \"Not a bool\" {\n// ^^^^^^^^^^^^ expected `bool`, found `&str`\n}\n\nlet x: f32 = \"Not a float\";\n//     ---   ^^^^^^^^^^^^^ expected `f32`, found `&str`\n//     |\n//     expected due to this\n```\n\nThis error occurs when an expression was used in a place where the compiler\nexpected an expression of a different type. It can occur in several cases, the\nmost common being when calling a function and passing an argument which has a\ndifferent type than the matching type in the function declaration.\n"},"level":"error","spans":[{"file_name":"examples/basic_usage_old.rs","byte_start":1628,"byte_end":1636,"line_start":40,"line_end":40,"column_start":63,"column_end":71,"is_primary":false,"text":[{"text":"    let srs = SRS::<Bls12_381>::setup_for_testing(max_degree, &mut rng);","highlight_start":63,"highlight_end":71}],"label":"unexpected argument #2 of type `&mut impl Rng`","suggested_replacement":null,"suggestion_applicability":null,"expansion":null},{"file_name":"examples/basic_usage_old.rs","byte_start":1616,"byte_end":1626,"line_start":40,"line_end":40,"column_start":51,"column_end":61,"is_primary":false,"text":[{"text":"    let srs = SRS::<Bls12_381>::setup_for_testing(max_degree, &mut rng);","highlight_start":51,"highlight_end":61}],"label":"argument #1 of type `Fp<MontBackend<FrConfig, 4>, 4>` is missing","suggested_replacement":null,"suggestion_applicability":null,"expansion":null},{"file_name":"examples/basic_usage_old.rs","byte_start":1580,"byte_end":1615,"line_start":40,"line_end":40,"column_start":15,"column_end":50,"is_primary":true,"text":[{"text":"    let srs = SRS::<Bls12_381>::setup_for_testing(max_degree, &mut rng);","highlight_start":15,"highlight_end":50}],"label":null,"suggested_replacement":null,"suggestion_applicability":null,"expansion":null}],"children":[{"message":"associated function defined here","code":null,"level":"note","spans":[{"file_name":"/Users/boycrypt/code/python/website/code/zero_knowledge_proof_learn/useful_schemes/KZG10/src/setup.rs","byte_start":12095,"byte_end":12112,"line_start":369,"line_end":369,"column_start":12,"column_end":29,"is_primary":true,"text":[{"text":"    pub fn setup_for_testing(secret: E::ScalarField, max_degree: usize) -> Result<Self> {","highlight_start":12,"highlight_end":29}],"label":null,"suggested_replacement":null,"suggestion_applicability":null,"expansion":null}],"children":[],"rendered":null},{"message":"did you mean","code":null,"level":"help","spans":[{"file_name":"examples/basic_usage_old.rs","byte_start":1615,"byte_end":1637,"line_start":40,"line_end":40,"column_start":50,"column_end":72,"is_primary":true,"text":[{"text":"    let srs = SRS::<Bls12_381>::setup_for_testing(max_degree, &mut rng);","highlight_start":50,"highlight_end":72}],"label":null,"suggested_replacement":"(/* Fp<MontBackend<FrConfig, 4>, 4> */, max_degree)","suggestion_applicability":"HasPlaceholders","expansion":null}],"children":[],"rendered":null}],"rendered":"\u001b[0m\u001b[1m\u001b[38;5;9merror[E0308]\u001b[0m\u001b[0m\u001b[1m: arguments to this function are incorrect\u001b[0m\n\u001b[0m   \u001b[0m\u001b[0m\u001b[1m\u001b[38;5;12m--> \u001b[0m\u001b[0mexamples/basic_usage_old.rs:40:15\u001b[0m\n\u001b[0m    \u001b[0m\u001b[0m\u001b[1m\u001b[38;5;12m|\u001b[0m\n\u001b[0m\u001b[1m\u001b[38;5;12m40\u001b[0m\u001b[0m  \u001b[0m\u001b[0m\u001b[1m\u001b[38;5;12m|\u001b[0m\u001b[0m \u001b[0m\u001b[0m    let srs = SRS::<Bls12_381>::setup_for_testing(max_degree, &mut rng);\u001b[0m\n\u001b[0m    \u001b[0m\u001b[0m\u001b[1m\u001b[38;5;12m|\u001b[0m\u001b[0m               \u001b[0m\u001b[0m\u001b[1m\u001b[38;5;9m^^^^^^^^^^^^^^^^^^^^^^^^^^^^^^^^^^^\u001b[0m\u001b[0m \u001b[0m\u001b[0m\u001b[1m\u001b[38;5;12m----------\u001b[0m\u001b[0m  \u001b[0m\u001b[0m\u001b[1m\u001b[38;5;12m--------\u001b[0m\u001b[0m \u001b[0m\u001b[0m\u001b[1m\u001b[38;5;12munexpected argument #2 of type `&mut impl Rng`\u001b[0m\n\u001b[0m    \u001b[0m\u001b[0m\u001b[1m\u001b[38;5;12m|\u001b[0m\u001b[0m                                                   \u001b[0m\u001b[0m\u001b[1m\u001b[38;5;12m|\u001b[0m\n\u001b[0m    \u001b[0m\u001b[0m\u001b[1m\u001b[38;5;12m|\u001b[0m\u001b[0m                                                   \u001b[0m\u001b[0m\u001b[1m\u001b[38;5;12margument #1 of type `Fp<MontBackend<FrConfig, 4>, 4>` is missing\u001b[0m\n\u001b[0m    \u001b[0m\u001b[0m\u001b[1m\u001b[38;5;12m|\u001b[0m\n\u001b[0m\u001b[1m\u001b[38;5;10mnote\u001b[0m\u001b[0m: associated function defined here\u001b[0m\n\u001b[0m   \u001b[0m\u001b[0m\u001b[1m\u001b[38;5;12m--> \u001b[0m\u001b[0m/Users/boycrypt/code/python/website/code/zero_knowledge_proof_learn/useful_schemes/KZG10/src/setup.rs:369:12\u001b[0m\n\u001b[0m    \u001b[0m\u001b[0m\u001b[1m\u001b[38;5;12m|\u001b[0m\n\u001b[0m\u001b[1m\u001b[38;5;12m369\u001b[0m\u001b[0m \u001b[0m\u001b[0m\u001b[1m\u001b[38;5;12m|\u001b[0m\u001b[0m \u001b[0m\u001b[0m    pub fn setup_for_testing(secret: E::ScalarField, max_degree: usize) -> Result<Self> {\u001b[0m\n\u001b[0m    \u001b[0m\u001b[0m\u001b[1m\u001b[38;5;12m|\u001b[0m\u001b[0m            \u001b[0m\u001b[0m\u001b[1m\u001b[38;5;10m^^^^^^^^^^^^^^^^^\u001b[0m\n\u001b[0m\u001b[1m\u001b[38;5;14mhelp\u001b[0m\u001b[0m: did you mean\u001b[0m\n\u001b[0m    \u001b[0m\u001b[0m\u001b[1m\u001b[38;5;12m|\u001b[0m\n\u001b[0m\u001b[1m\u001b[38;5;12m40\u001b[0m\u001b[0m  \u001b[0m\u001b[0m\u001b[1m\u001b[38;5;12m| \u001b[0m\u001b[0m    let srs = SRS::<Bls12_381>::setup_for_testing\u001b[0m\u001b[0m\u001b[38;5;10m(/* Fp<MontBackend<FrConfig, 4>, 4> */, max_degree)\u001b[0m\u001b[0m;\u001b[0m\n\u001b[0m    \u001b[0m\u001b[0m\u001b[1m\u001b[38;5;12m|\u001b[0m\u001b[0m                                                  \u001b[0m\u001b[0m\u001b[38;5;10m~~~~~~~~~~~~~~~~~~~~~~~~~~~~~~~~~~~~~~~~~~~~~~~~~~~\u001b[0m\n\n"}
{"$message_type":"diagnostic","message":"no function or associated item named `from_coefficients_vec` found for struct `DensePolynomial<_>` in the current scope","code":{"code":"E0599","explanation":"This error occurs when a method is used on a type which doesn't implement it:\n\nErroneous code example:\n\n```compile_fail,E0599\nstruct Mouth;\n\nlet x = Mouth;\nx.chocolate(); // error: no method named `chocolate` found for type `Mouth`\n               //        in the current scope\n```\n\nIn this case, you need to implement the `chocolate` method to fix the error:\n\n```\nstruct Mouth;\n\nimpl Mouth {\n    fn chocolate(&self) { // We implement the `chocolate` method here.\n        println!(\"Hmmm! I love chocolate!\");\n    }\n}\n\nlet x = Mouth;\nx.chocolate(); // ok!\n```\n"},"level":"error","spans":[{"file_name":"examples/basic_usage_old.rs","byte_start":2483,"byte_end":2504,"line_start":60,"line_end":60,"column_start":33,"column_end":54,"is_primary":true,"text":[{"text":"    let poly = DensePolynomial::from_coefficients_vec(coeffs);","highlight_start":33,"highlight_end":54}],"label":"function or associated item not found in `DensePolynomial<_>`","suggested_replacement":null,"suggestion_applicability":null,"expansion":null}],"children":[{"message":"items from traits can only be used if the trait is in scope","code":null,"level":"help","spans":[],"children":[],"rendered":null},{"message":"trait `DenseUVPolynomial` which provides `from_coefficients_vec` is implemented but not in scope; perhaps you want to import it","code":null,"level":"help","spans":[{"file_name":"examples/basic_usage_old.rs","byte_start":522,"byte_end":522,"line_start":15,"line_end":15,"column_start":1,"column_end":1,"is_primary":true,"text":[{"text":"use ark_bls12_381::Bls12_381;","highlight_start":1,"highlight_end":1}],"label":null,"suggested_replacement":"use ark_poly::DenseUVPolynomial;\n","suggestion_applicability":"MaybeIncorrect","expansion":null}],"children":[],"rendered":null},{"message":"there is an associated function `from_coefficients_slice` with a similar name","code":null,"level":"help","spans":[{"file_name":"examples/basic_usage_old.rs","byte_start":2483,"byte_end":2504,"line_start":60,"line_end":60,"column_start":33,"column_end":54,"is_primary":true,"text":[{"text":"    let poly = DensePolynomial::from_coefficients_vec(coeffs);","highlight_start":33,"highlight_end":54}],"label":null,"suggested_replacement":"from_coefficients_slice","suggestion_applicability":"MaybeIncorrect","expansion":null}],"children":[],"rendered":null}],"rendered":"\u001b[0m\u001b[1m\u001b[38;5;9merror[E0599]\u001b[0m\u001b[0m\u001b[1m: no function or associated item named `from_coefficients_vec` found for struct `DensePolynomial<_>` in the current scope\u001b[0m\n\u001b[0m  \u001b[0m\u001b[0m\u001b[1m\u001b[38;5;12m--> \u001b[0m\u001b[0mexamples/basic_usage_old.rs:60:33\u001b[0m\n\u001b[0m   \u001b[0m\u001b[0m\u001b[1m\u001b[38;5;12m|\u001b[0m\n\u001b[0m\u001b[1m\u001b[38;5;12m60\u001b[0m\u001b[0m \u001b[0m\u001b[0m\u001b[1m\u001b[38;5;12m|\u001b[0m\u001b[0m \u001b[0m\u001b[0m    let poly = DensePolynomial::from_coefficients_vec(coeffs);\u001b[0m\n\u001b[0m   \u001b[0m\u001b[0m\u001b[1m\u001b[38;5;12m|\u001b[0m\u001b[0m                                 \u001b[0m\u001b[0m\u001b[1m\u001b[38;5;9m^^^^^^^^^^^^^^^^^^^^^\u001b[0m\u001b[0m \u001b[0m\u001b[0m\u001b[1m\u001b[38;5;9mfunction or associated item not found in `DensePolynomial<_>`\u001b[0m\n\u001b[0m   \u001b[0m\u001b[0m\u001b[1m\u001b[38;5;12m|\u001b[0m\n\u001b[0m   \u001b[0m\u001b[0m\u001b[1m\u001b[38;5;12m= \u001b[0m\u001b[0m\u001b[1mhelp\u001b[0m\u001b[0m: items from traits can only be used if the trait is in scope\u001b[0m\n\u001b[0m\u001b[1m\u001b[38;5;14mhelp\u001b[0m\u001b[0m: trait `DenseUVPolynomial` which provides `from_coefficients_vec` is implemented but not in scope; perhaps you want to import it\u001b[0m\n\u001b[0m   \u001b[0m\u001b[0m\u001b[1m\u001b[38;5;12m|\u001b[0m\n\u001b[0m\u001b[1m\u001b[38;5;12m15\u001b[0m\u001b[0m \u001b[0m\u001b[0m\u001b[38;5;10m+ use ark_poly::DenseUVPolynomial;\u001b[0m\n\u001b[0m   \u001b[0m\u001b[0m\u001b[1m\u001b[38;5;12m|\u001b[0m\n\u001b[0m\u001b[1m\u001b[38;5;14mhelp\u001b[0m\u001b[0m: there is an associated function `from_coefficients_slice` with a similar name\u001b[0m\n\u001b[0m   \u001b[0m\u001b[0m\u001b[1m\u001b[38;5;12m|\u001b[0m\n\u001b[0m\u001b[1m\u001b[38;5;12m60\u001b[0m\u001b[0m \u001b[0m\u001b[0m\u001b[1m\u001b[38;5;12m| \u001b[0m\u001b[0m    let poly = DensePolynomial::\u001b[0m\u001b[0m\u001b[38;5;10mfrom_coefficients_slice\u001b[0m\u001b[0m(coeffs);\u001b[0m\n\u001b[0m   \u001b[0m\u001b[0m\u001b[1m\u001b[38;5;12m|\u001b[0m\u001b[0m                                 \u001b[0m\u001b[0m\u001b[38;5;10m~~~~~~~~~~~~~~~~~~~~~~~\u001b[0m\n\n"}
{"$message_type":"diagnostic","message":"associated function takes 0 generic arguments but 1 generic argument was supplied","code":{"code":"E0107","explanation":"An incorrect number of generic arguments was provided.\n\nErroneous code example:\n\n```compile_fail,E0107\nstruct Foo<T> { x: T }\n\nstruct Bar { x: Foo }             // error: wrong number of type arguments:\n                                  //        expected 1, found 0\nstruct Baz<S, T> { x: Foo<S, T> } // error: wrong number of type arguments:\n                                  //        expected 1, found 2\n\nfn foo<T, U>(x: T, y: U) {}\nfn f() {}\n\nfn main() {\n    let x: bool = true;\n    foo::<bool>(x);                 // error: wrong number of type arguments:\n                                    //        expected 2, found 1\n    foo::<bool, i32, i32>(x, 2, 4); // error: wrong number of type arguments:\n                                    //        expected 2, found 3\n    f::<'static>();                 // error: wrong number of lifetime arguments\n                                    //        expected 0, found 1\n}\n```\n\nWhen using/declaring an item with generic arguments, you must provide the exact\nsame number:\n\n```\nstruct Foo<T> { x: T }\n\nstruct Bar<T> { x: Foo<T> }               // ok!\nstruct Baz<S, T> { x: Foo<S>, y: Foo<T> } // ok!\n\nfn foo<T, U>(x: T, y: U) {}\nfn f() {}\n\nfn main() {\n    let x: bool = true;\n    foo::<bool, u32>(x, 12);              // ok!\n    f();                                  // ok!\n}\n```\n"},"level":"error","spans":[{"file_name":"examples/basic_usage_old.rs","byte_start":2728,"byte_end":2734,"line_start":66,"line_end":66,"column_start":34,"column_end":40,"is_primary":true,"text":[{"text":"    let commitment = Commitment::commit::<Bls12_381>(&poly, &srs);","highlight_start":34,"highlight_end":40}],"label":"expected 0 generic arguments","suggested_replacement":null,"suggestion_applicability":null,"expansion":null}],"children":[{"message":"associated function defined here, with 0 generic parameters","code":null,"level":"note","spans":[{"file_name":"/Users/boycrypt/code/python/website/code/zero_knowledge_proof_learn/useful_schemes/KZG10/src/commit.rs","byte_start":16105,"byte_end":16111,"line_start":498,"line_end":498,"column_start":12,"column_end":18,"is_primary":true,"text":[{"text":"    pub fn commit(poly: &DensePolynomial<E::ScalarField>, srs: &SRS<E>) -> Self {","highlight_start":12,"highlight_end":18}],"label":null,"suggested_replacement":null,"suggestion_applicability":null,"expansion":null}],"children":[],"rendered":null},{"message":"remove the unnecessary generics","code":null,"level":"help","spans":[{"file_name":"examples/basic_usage_old.rs","byte_start":2734,"byte_end":2747,"line_start":66,"line_end":66,"column_start":40,"column_end":53,"is_primary":true,"text":[{"text":"    let commitment = Commitment::commit::<Bls12_381>(&poly, &srs);","highlight_start":40,"highlight_end":53}],"label":null,"suggested_replacement":"","suggestion_applicability":"MaybeIncorrect","expansion":null}],"children":[],"rendered":null}],"rendered":"\u001b[0m\u001b[1m\u001b[38;5;9merror[E0107]\u001b[0m\u001b[0m\u001b[1m: associated function takes 0 generic arguments but 1 generic argument was supplied\u001b[0m\n\u001b[0m   \u001b[0m\u001b[0m\u001b[1m\u001b[38;5;12m--> \u001b[0m\u001b[0mexamples/basic_usage_old.rs:66:34\u001b[0m\n\u001b[0m    \u001b[0m\u001b[0m\u001b[1m\u001b[38;5;12m|\u001b[0m\n\u001b[0m\u001b[1m\u001b[38;5;12m66\u001b[0m\u001b[0m  \u001b[0m\u001b[0m\u001b[1m\u001b[38;5;12m|\u001b[0m\u001b[0m \u001b[0m\u001b[0m    let commitment = Commitment::commit::<Bls12_381>(&poly, &srs);\u001b[0m\n\u001b[0m    \u001b[0m\u001b[0m\u001b[1m\u001b[38;5;12m|\u001b[0m\u001b[0m                                  \u001b[0m\u001b[0m\u001b[1m\u001b[38;5;9m^^^^^^\u001b[0m\u001b[0m\u001b[1m\u001b[38;5;12m-------------\u001b[0m\u001b[0m \u001b[0m\u001b[0m\u001b[1m\u001b[38;5;12mhelp: remove the unnecessary generics\u001b[0m\n\u001b[0m    \u001b[0m\u001b[0m\u001b[1m\u001b[38;5;12m|\u001b[0m\u001b[0m                                  \u001b[0m\u001b[0m\u001b[1m\u001b[38;5;9m|\u001b[0m\n\u001b[0m    \u001b[0m\u001b[0m\u001b[1m\u001b[38;5;12m|\u001b[0m\u001b[0m                                  \u001b[0m\u001b[0m\u001b[1m\u001b[38;5;9mexpected 0 generic arguments\u001b[0m\n\u001b[0m    \u001b[0m\u001b[0m\u001b[1m\u001b[38;5;12m|\u001b[0m\n\u001b[0m\u001b[1m\u001b[38;5;10mnote\u001b[0m\u001b[0m: associated function defined here, with 0 generic parameters\u001b[0m\n\u001b[0m   \u001b[0m\u001b[0m\u001b[1m\u001b[38;5;12m--> \u001b[0m\u001b[0m/Users/boycrypt/code/python/website/code/zero_knowledge_proof_learn/useful_schemes/KZG10/src/commit.rs:498:12\u001b[0m\n\u001b[0m    \u001b[0m\u001b[0m\u001b[1m\u001b[38;5;12m|\u001b[0m\n\u001b[0m\u001b[1m\u001b[38;5;12m498\u001b[0m\u001b[0m \u001b[0m\u001b[0m\u001b[1m\u001b[38;5;12m|\u001b[0m\u001b[0m \u001b[0m\u001b[0m    pub fn commit(poly: &DensePolynomial<E::ScalarField>, srs: &SRS<E>) -> Self {\u001b[0m\n\u001b[0m    \u001b[0m\u001b[0m\u001b[1m\u001b[38;5;12m|\u001b[0m\u001b[0m            \u001b[0m\u001b[0m\u001b[1m\u001b[38;5;10m^^^^^^\u001b[0m\n\n"}
{"$message_type":"diagnostic","message":"mismatched types","code":{"code":"E0308","explanation":"Expected type did not match the received type.\n\nErroneous code examples:\n\n```compile_fail,E0308\nfn plus_one(x: i32) -> i32 {\n    x + 1\n}\n\nplus_one(\"Not a number\");\n//       ^^^^^^^^^^^^^^ expected `i32`, found `&str`\n\nif \"Not a bool\" {\n// ^^^^^^^^^^^^ expected `bool`, found `&str`\n}\n\nlet x: f32 = \"Not a float\";\n//     ---   ^^^^^^^^^^^^^ expected `f32`, found `&str`\n//     |\n//     expected due to this\n```\n\nThis error occurs when an expression was used in a place where the compiler\nexpected an expression of a different type. It can occur in several cases, the\nmost common being when calling a function and passing an argument which has a\ndifferent type than the matching type in the function declaration.\n"},"level":"error","spans":[{"file_name":"examples/basic_usage_old.rs","byte_start":2755,"byte_end":2759,"line_start":66,"line_end":66,"column_start":61,"column_end":65,"is_primary":true,"text":[{"text":"    let commitment = Commitment::commit::<Bls12_381>(&poly, &srs);","highlight_start":61,"highlight_end":65}],"label":"expected `&SRS<_>`, found `&Result<SRS<Bls12<Config>>, Error>`","suggested_replacement":null,"suggestion_applicability":null,"expansion":null},{"file_name":"examples/basic_usage_old.rs","byte_start":2716,"byte_end":2747,"line_start":66,"line_end":66,"column_start":22,"column_end":53,"is_primary":false,"text":[{"text":"    let commitment = Commitment::commit::<Bls12_381>(&poly, &srs);","highlight_start":22,"highlight_end":53}],"label":"arguments to this function are incorrect","suggested_replacement":null,"suggestion_applicability":null,"expansion":null}],"children":[{"message":"expected reference `&SRS<_>`\n   found reference `&Result<SRS<Bls12<ark_bls12_381::Config>>, kzg10::Error>`","code":null,"level":"note","spans":[],"children":[],"rendered":null},{"message":"associated function defined here","code":null,"level":"note","spans":[{"file_name":"/Users/boycrypt/code/python/website/code/zero_knowledge_proof_learn/useful_schemes/KZG10/src/commit.rs","byte_start":16105,"byte_end":16111,"line_start":498,"line_end":498,"column_start":12,"column_end":18,"is_primary":true,"text":[{"text":"    pub fn commit(poly: &DensePolynomial<E::ScalarField>, srs: &SRS<E>) -> Self {","highlight_start":12,"highlight_end":18}],"label":null,"suggested_replacement":null,"suggestion_applicability":null,"expansion":null}],"children":[],"rendered":null}],"rendered":"\u001b[0m\u001b[1m\u001b[38;5;9merror[E0308]\u001b[0m\u001b[0m\u001b[1m: mismatched types\u001b[0m\n\u001b[0m   \u001b[0m\u001b[0m\u001b[1m\u001b[38;5;12m--> \u001b[0m\u001b[0mexamples/basic_usage_old.rs:66:61\u001b[0m\n\u001b[0m    \u001b[0m\u001b[0m\u001b[1m\u001b[38;5;12m|\u001b[0m\n\u001b[0m\u001b[1m\u001b[38;5;12m66\u001b[0m\u001b[0m  \u001b[0m\u001b[0m\u001b[1m\u001b[38;5;12m|\u001b[0m\u001b[0m \u001b[0m\u001b[0m    let commitment = Commitment::commit::<Bls12_381>(&poly, &srs);\u001b[0m\n\u001b[0m    \u001b[0m\u001b[0m\u001b[1m\u001b[38;5;12m|\u001b[0m\u001b[0m                      \u001b[0m\u001b[0m\u001b[1m\u001b[38;5;12m-------------------------------\u001b[0m\u001b[0m        \u001b[0m\u001b[0m\u001b[1m\u001b[38;5;9m^^^^\u001b[0m\u001b[0m \u001b[0m\u001b[0m\u001b[1m\u001b[38;5;9mexpected `&SRS<_>`, found `&Result<SRS<Bls12<Config>>, Error>`\u001b[0m\n\u001b[0m    \u001b[0m\u001b[0m\u001b[1m\u001b[38;5;12m|\u001b[0m\u001b[0m                      \u001b[0m\u001b[0m\u001b[1m\u001b[38;5;12m|\u001b[0m\n\u001b[0m    \u001b[0m\u001b[0m\u001b[1m\u001b[38;5;12m|\u001b[0m\u001b[0m                      \u001b[0m\u001b[0m\u001b[1m\u001b[38;5;12marguments to this function are incorrect\u001b[0m\n\u001b[0m    \u001b[0m\u001b[0m\u001b[1m\u001b[38;5;12m|\u001b[0m\n\u001b[0m    \u001b[0m\u001b[0m\u001b[1m\u001b[38;5;12m= \u001b[0m\u001b[0m\u001b[1mnote\u001b[0m\u001b[0m: expected reference `&SRS<\u001b[0m\u001b[0m\u001b[1m\u001b[35m_\u001b[0m\u001b[0m>`\u001b[0m\n\u001b[0m               found reference `&\u001b[0m\u001b[0m\u001b[1m\u001b[35mResult<\u001b[0m\u001b[0mSRS<\u001b[0m\u001b[0m\u001b[1m\u001b[35mBls12<ark_bls12_381::Config>\u001b[0m\u001b[0m>, \u001b[0m\u001b[0m\u001b[1m\u001b[35mkzg10::Error>\u001b[0m\u001b[0m`\u001b[0m\n\u001b[0m\u001b[1m\u001b[38;5;10mnote\u001b[0m\u001b[0m: associated function defined here\u001b[0m\n\u001b[0m   \u001b[0m\u001b[0m\u001b[1m\u001b[38;5;12m--> \u001b[0m\u001b[0m/Users/boycrypt/code/python/website/code/zero_knowledge_proof_learn/useful_schemes/KZG10/src/commit.rs:498:12\u001b[0m\n\u001b[0m    \u001b[0m\u001b[0m\u001b[1m\u001b[38;5;12m|\u001b[0m\n\u001b[0m\u001b[1m\u001b[38;5;12m498\u001b[0m\u001b[0m \u001b[0m\u001b[0m\u001b[1m\u001b[38;5;12m|\u001b[0m\u001b[0m \u001b[0m\u001b[0m    pub fn commit(poly: &DensePolynomial<E::ScalarField>, srs: &SRS<E>) -> Self {\u001b[0m\n\u001b[0m    \u001b[0m\u001b[0m\u001b[1m\u001b[38;5;12m|\u001b[0m\u001b[0m            \u001b[0m\u001b[0m\u001b[1m\u001b[38;5;10m^^^^^^\u001b[0m\n\n"}
{"$message_type":"diagnostic","message":"field `0` of struct `Commitment` is private","code":{"code":"E0616","explanation":"Attempted to access a private field on a struct.\n\nErroneous code example:\n\n```compile_fail,E0616\nmod some_module {\n    pub struct Foo {\n        x: u32, // So `x` is private in here.\n    }\n\n    impl Foo {\n        pub fn new() -> Foo { Foo { x: 0 } }\n    }\n}\n\nlet f = some_module::Foo::new();\nprintln!(\"{}\", f.x); // error: field `x` of struct `some_module::Foo` is private\n```\n\nIf you want to access this field, you have two options:\n\n1) Set the field public:\n\n```\nmod some_module {\n    pub struct Foo {\n        pub x: u32, // `x` is now public.\n    }\n\n    impl Foo {\n        pub fn new() -> Foo { Foo { x: 0 } }\n    }\n}\n\nlet f = some_module::Foo::new();\nprintln!(\"{}\", f.x); // ok!\n```\n\n2) Add a getter function:\n\n```\nmod some_module {\n    pub struct Foo {\n        x: u32, // So `x` is still private in here.\n    }\n\n    impl Foo {\n        pub fn new() -> Foo { Foo { x: 0 } }\n\n        // We create the getter function here:\n        pub fn get_x(&self) -> &u32 { &self.x }\n    }\n}\n\nlet f = some_module::Foo::new();\nprintln!(\"{}\", f.get_x()); // ok!\n```\n"},"level":"error","spans":[{"file_name":"examples/basic_usage_old.rs","byte_start":2859,"byte_end":2860,"line_start":69,"line_end":69,"column_start":53,"column_end":54,"is_primary":true,"text":[{"text":"    println!(\"  Commitment bytes: {}\\n\", commitment.0.compressed().as_ref().len());","highlight_start":53,"highlight_end":54}],"label":"private field","suggested_replacement":null,"suggestion_applicability":null,"expansion":null}],"children":[],"rendered":"\u001b[0m\u001b[1m\u001b[38;5;9merror[E0616]\u001b[0m\u001b[0m\u001b[1m: field `0` of struct `Commitment` is private\u001b[0m\n\u001b[0m  \u001b[0m\u001b[0m\u001b[1m\u001b[38;5;12m--> \u001b[0m\u001b[0mexamples/basic_usage_old.rs:69:53\u001b[0m\n\u001b[0m   \u001b[0m\u001b[0m\u001b[1m\u001b[38;5;12m|\u001b[0m\n\u001b[0m\u001b[1m\u001b[38;5;12m69\u001b[0m\u001b[0m \u001b[0m\u001b[0m\u001b[1m\u001b[38;5;12m|\u001b[0m\u001b[0m \u001b[0m\u001b[0m    println!(\"  Commitment bytes: {}\\n\", commitment.0.compressed().as_ref().len());\u001b[0m\n\u001b[0m   \u001b[0m\u001b[0m\u001b[1m\u001b[38;5;12m|\u001b[0m\u001b[0m                                                     \u001b[0m\u001b[0m\u001b[1m\u001b[38;5;9m^\u001b[0m\u001b[0m \u001b[0m\u001b[0m\u001b[1m\u001b[38;5;9mprivate field\u001b[0m\n\n"}
{"$message_type":"diagnostic","message":"associated function takes 0 generic arguments but 1 generic argument was supplied","code":{"code":"E0107","explanation":"An incorrect number of generic arguments was provided.\n\nErroneous code example:\n\n```compile_fail,E0107\nstruct Foo<T> { x: T }\n\nstruct Bar { x: Foo }             // error: wrong number of type arguments:\n                                  //        expected 1, found 0\nstruct Baz<S, T> { x: Foo<S, T> } // error: wrong number of type arguments:\n                                  //        expected 1, found 2\n\nfn foo<T, U>(x: T, y: U) {}\nfn f() {}\n\nfn main() {\n    let x: bool = true;\n    foo::<bool>(x);                 // error: wrong number of type arguments:\n                                    //        expected 2, found 1\n    foo::<bool, i32, i32>(x, 2, 4); // error: wrong number of type arguments:\n                                    //        expected 2, found 3\n    f::<'static>();                 // error: wrong number of lifetime arguments\n                                    //        expected 0, found 1\n}\n```\n\nWhen using/declaring an item with generic arguments, you must provide the exact\nsame number:\n\n```\nstruct Foo<T> { x: T }\n\nstruct Bar<T> { x: Foo<T> }               // ok!\nstruct Baz<S, T> { x: Foo<S>, y: Foo<T> } // ok!\n\nfn foo<T, U>(x: T, y: U) {}\nfn f() {}\n\nfn main() {\n    let x: bool = true;\n    foo::<bool, u32>(x, 12);              // ok!\n    f();                                  // ok!\n}\n```\n"},"level":"error","spans":[{"file_name":"examples/basic_usage_old.rs","byte_start":3675,"byte_end":3679,"line_start":89,"line_end":89,"column_start":31,"column_end":35,"is_primary":true,"text":[{"text":"    let opening = Commitment::open::<Bls12_381>(&poly, point, &srs);","highlight_start":31,"highlight_end":35}],"label":"expected 0 generic arguments","suggested_replacement":null,"suggestion_applicability":null,"expansion":null}],"children":[{"message":"associated function defined here, with 0 generic parameters","code":null,"level":"note","spans":[{"file_name":"/Users/boycrypt/code/python/website/code/zero_knowledge_proof_learn/useful_schemes/KZG10/src/open.rs","byte_start":8809,"byte_end":8813,"line_start":265,"line_end":265,"column_start":12,"column_end":16,"is_primary":true,"text":[{"text":"    pub fn open(","highlight_start":12,"highlight_end":16}],"label":null,"suggested_replacement":null,"suggestion_applicability":null,"expansion":null}],"children":[],"rendered":null},{"message":"remove the unnecessary generics","code":null,"level":"help","spans":[{"file_name":"examples/basic_usage_old.rs","byte_start":3679,"byte_end":3692,"line_start":89,"line_end":89,"column_start":35,"column_end":48,"is_primary":true,"text":[{"text":"    let opening = Commitment::open::<Bls12_381>(&poly, point, &srs);","highlight_start":35,"highlight_end":48}],"label":null,"suggested_replacement":"","suggestion_applicability":"MaybeIncorrect","expansion":null}],"children":[],"rendered":null}],"rendered":"\u001b[0m\u001b[1m\u001b[38;5;9merror[E0107]\u001b[0m\u001b[0m\u001b[1m: associated function takes 0 generic arguments but 1 generic argument was supplied\u001b[0m\n\u001b[0m   \u001b[0m\u001b[0m\u001b[1m\u001b[38;5;12m--> \u001b[0m\u001b[0mexamples/basic_usage_old.rs:89:31\u001b[0m\n\u001b[0m    \u001b[0m\u001b[0m\u001b[1m\u001b[38;5;12m|\u001b[0m\n\u001b[0m\u001b[1m\u001b[38;5;12m89\u001b[0m\u001b[0m  \u001b[0m\u001b[0m\u001b[1m\u001b[38;5;12m|\u001b[0m\u001b[0m \u001b[0m\u001b[0m    let opening = Commitment::open::<Bls12_381>(&poly, point, &srs);\u001b[0m\n\u001b[0m    \u001b[0m\u001b[0m\u001b[1m\u001b[38;5;12m|\u001b[0m\u001b[0m                               \u001b[0m\u001b[0m\u001b[1m\u001b[38;5;9m^^^^\u001b[0m\u001b[0m\u001b[1m\u001b[38;5;12m-------------\u001b[0m\u001b[0m \u001b[0m\u001b[0m\u001b[1m\u001b[38;5;12mhelp: remove the unnecessary generics\u001b[0m\n\u001b[0m    \u001b[0m\u001b[0m\u001b[1m\u001b[38;5;12m|\u001b[0m\u001b[0m                               \u001b[0m\u001b[0m\u001b[1m\u001b[38;5;9m|\u001b[0m\n\u001b[0m    \u001b[0m\u001b[0m\u001b[1m\u001b[38;5;12m|\u001b[0m\u001b[0m                               \u001b[0m\u001b[0m\u001b[1m\u001b[38;5;9mexpected 0 generic arguments\u001b[0m\n\u001b[0m    \u001b[0m\u001b[0m\u001b[1m\u001b[38;5;12m|\u001b[0m\n\u001b[0m\u001b[1m\u001b[38;5;10mnote\u001b[0m\u001b[0m: associated function defined here, with 0 generic parameters\u001b[0m\n\u001b[0m   \u001b[0m\u001b[0m\u001b[1m\u001b[38;5;12m--> \u001b[0m\u001b[0m/Users/boycrypt/code/python/website/code/zero_knowledge_proof_learn/useful_schemes/KZG10/src/open.rs:265:12\u001b[0m\n\u001b[0m    \u001b[0m\u001b[0m\u001b[1m\u001b[38;5;12m|\u001b[0m\n\u001b[0m\u001b[1m\u001b[38;5;12m265\u001b[0m\u001b[0m \u001b[0m\u001b[0m\u001b[1m\u001b[38;5;12m|\u001b[0m\u001b[0m \u001b[0m\u001b[0m    pub fn open(\u001b[0m\n\u001b[0m    \u001b[0m\u001b[0m\u001b[1m\u001b[38;5;12m|\u001b[0m\u001b[0m            \u001b[0m\u001b[0m\u001b[1m\u001b[38;5;10m^^^^\u001b[0m\n\n"}
{"$message_type":"diagnostic","message":"mismatched types","code":{"code":"E0308","explanation":"Expected type did not match the received type.\n\nErroneous code examples:\n\n```compile_fail,E0308\nfn plus_one(x: i32) -> i32 {\n    x + 1\n}\n\nplus_one(\"Not a number\");\n//       ^^^^^^^^^^^^^^ expected `i32`, found `&str`\n\nif \"Not a bool\" {\n// ^^^^^^^^^^^^ expected `bool`, found `&str`\n}\n\nlet x: f32 = \"Not a float\";\n//     ---   ^^^^^^^^^^^^^ expected `f32`, found `&str`\n//     |\n//     expected due to this\n```\n\nThis error occurs when an expression was used in a place where the compiler\nexpected an expression of a different type. It can occur in several cases, the\nmost common being when calling a function and passing an argument which has a\ndifferent type than the matching type in the function declaration.\n"},"level":"error","spans":[{"file_name":"examples/basic_usage_old.rs","byte_start":3707,"byte_end":3711,"line_start":89,"line_end":89,"column_start":63,"column_end":67,"is_primary":true,"text":[{"text":"    let opening = Commitment::open::<Bls12_381>(&poly, point, &srs);","highlight_start":63,"highlight_end":67}],"label":"expected `&SRS<_>`, found `&Result<SRS<Bls12<Config>>, Error>`","suggested_replacement":null,"suggestion_applicability":null,"expansion":null},{"file_name":"examples/basic_usage_old.rs","byte_start":3663,"byte_end":3692,"line_start":89,"line_end":89,"column_start":19,"column_end":48,"is_primary":false,"text":[{"text":"    let opening = Commitment::open::<Bls12_381>(&poly, point, &srs);","highlight_start":19,"highlight_end":48}],"label":"arguments to this function are incorrect","suggested_replacement":null,"suggestion_applicability":null,"expansion":null}],"children":[{"message":"expected reference `&SRS<_>`\n   found reference `&Result<SRS<Bls12<ark_bls12_381::Config>>, kzg10::Error>`","code":null,"level":"note","spans":[],"children":[],"rendered":null},{"message":"associated function defined here","code":null,"level":"note","spans":[{"file_name":"/Users/boycrypt/code/python/website/code/zero_knowledge_proof_learn/useful_schemes/KZG10/src/open.rs","byte_start":8809,"byte_end":8813,"line_start":265,"line_end":265,"column_start":12,"column_end":16,"is_primary":true,"text":[{"text":"    pub fn open(","highlight_start":12,"highlight_end":16}],"label":null,"suggested_replacement":null,"suggestion_applicability":null,"expansion":null}],"children":[],"rendered":null}],"rendered":"\u001b[0m\u001b[1m\u001b[38;5;9merror[E0308]\u001b[0m\u001b[0m\u001b[1m: mismatched types\u001b[0m\n\u001b[0m   \u001b[0m\u001b[0m\u001b[1m\u001b[38;5;12m--> \u001b[0m\u001b[0mexamples/basic_usage_old.rs:89:63\u001b[0m\n\u001b[0m    \u001b[0m\u001b[0m\u001b[1m\u001b[38;5;12m|\u001b[0m\n\u001b[0m\u001b[1m\u001b[38;5;12m89\u001b[0m\u001b[0m  \u001b[0m\u001b[0m\u001b[1m\u001b[38;5;12m|\u001b[0m\u001b[0m \u001b[0m\u001b[0m    let opening = Commitment::open::<Bls12_381>(&poly, point, &srs);\u001b[0m\n\u001b[0m    \u001b[0m\u001b[0m\u001b[1m\u001b[38;5;12m|\u001b[0m\u001b[0m                   \u001b[0m\u001b[0m\u001b[1m\u001b[38;5;12m-----------------------------\u001b[0m\u001b[0m               \u001b[0m\u001b[0m\u001b[1m\u001b[38;5;9m^^^^\u001b[0m\u001b[0m \u001b[0m\u001b[0m\u001b[1m\u001b[38;5;9mexpected `&SRS<_>`, found `&Result<SRS<Bls12<Config>>, Error>`\u001b[0m\n\u001b[0m    \u001b[0m\u001b[0m\u001b[1m\u001b[38;5;12m|\u001b[0m\u001b[0m                   \u001b[0m\u001b[0m\u001b[1m\u001b[38;5;12m|\u001b[0m\n\u001b[0m    \u001b[0m\u001b[0m\u001b[1m\u001b[38;5;12m|\u001b[0m\u001b[0m                   \u001b[0m\u001b[0m\u001b[1m\u001b[38;5;12marguments to this function are incorrect\u001b[0m\n\u001b[0m    \u001b[0m\u001b[0m\u001b[1m\u001b[38;5;12m|\u001b[0m\n\u001b[0m    \u001b[0m\u001b[0m\u001b[1m\u001b[38;5;12m= \u001b[0m\u001b[0m\u001b[1mnote\u001b[0m\u001b[0m: expected reference `&SRS<\u001b[0m\u001b[0m\u001b[1m\u001b[35m_\u001b[0m\u001b[0m>`\u001b[0m\n\u001b[0m               found reference `&\u001b[0m\u001b[0m\u001b[1m\u001b[35mResult<\u001b[0m\u001b[0mSRS<\u001b[0m\u001b[0m\u001b[1m\u001b[35mBls12<ark_bls12_381::Config>\u001b[0m\u001b[0m>, \u001b[0m\u001b[0m\u001b[1m\u001b[35mkzg10::Error>\u001b[0m\u001b[0m`\u001b[0m\n\u001b[0m\u001b[1m\u001b[38;5;10mnote\u001b[0m\u001b[0m: associated function defined here\u001b[0m\n\u001b[0m   \u001b[0m\u001b[0m\u001b[1m\u001b[38;5;12m--> \u001b[0m\u001b[0m/Users/boycrypt/code/python/website/code/zero_knowledge_proof_learn/useful_schemes/KZG10/src/open.rs:265:12\u001b[0m\n\u001b[0m    \u001b[0m\u001b[0m\u001b[1m\u001b[38;5;12m|\u001b[0m\n\u001b[0m\u001b[1m\u001b[38;5;12m265\u001b[0m\u001b[0m \u001b[0m\u001b[0m\u001b[1m\u001b[38;5;12m|\u001b[0m\u001b[0m \u001b[0m\u001b[0m    pub fn open(\u001b[0m\n\u001b[0m    \u001b[0m\u001b[0m\u001b[1m\u001b[38;5;12m|\u001b[0m\u001b[0m            \u001b[0m\u001b[0m\u001b[1m\u001b[38;5;10m^^^^\u001b[0m\n\n"}
{"$message_type":"diagnostic","message":"no field `witness` on type `EvaluationProof<_>`","code":{"code":"E0609","explanation":"Attempted to access a nonexistent field in a struct.\n\nErroneous code example:\n\n```compile_fail,E0609\nstruct StructWithFields {\n    x: u32,\n}\n\nlet s = StructWithFields { x: 0 };\nprintln!(\"{}\", s.foo); // error: no field `foo` on type `StructWithFields`\n```\n\nTo fix this error, check that you didn't misspell the field's name or that the\nfield actually exists. Example:\n\n```\nstruct StructWithFields {\n    x: u32,\n}\n\nlet s = StructWithFields { x: 0 };\nprintln!(\"{}\", s.x); // ok!\n```\n"},"level":"error","spans":[{"file_name":"examples/basic_usage_old.rs","byte_start":3802,"byte_end":3809,"line_start":92,"line_end":92,"column_start":51,"column_end":58,"is_primary":true,"text":[{"text":"    println!(\"  Proof bytes: {}\\n\", opening.proof.witness.compressed().as_ref().len());","highlight_start":51,"highlight_end":58}],"label":"unknown field","suggested_replacement":null,"suggestion_applicability":null,"expansion":null}],"children":[],"rendered":"\u001b[0m\u001b[1m\u001b[38;5;9merror[E0609]\u001b[0m\u001b[0m\u001b[1m: no field `witness` on type `EvaluationProof<_>`\u001b[0m\n\u001b[0m  \u001b[0m\u001b[0m\u001b[1m\u001b[38;5;12m--> \u001b[0m\u001b[0mexamples/basic_usage_old.rs:92:51\u001b[0m\n\u001b[0m   \u001b[0m\u001b[0m\u001b[1m\u001b[38;5;12m|\u001b[0m\n\u001b[0m\u001b[1m\u001b[38;5;12m92\u001b[0m\u001b[0m \u001b[0m\u001b[0m\u001b[1m\u001b[38;5;12m|\u001b[0m\u001b[0m \u001b[0m\u001b[0m    println!(\"  Proof bytes: {}\\n\", opening.proof.witness.compressed().as_ref().len());\u001b[0m\n\u001b[0m   \u001b[0m\u001b[0m\u001b[1m\u001b[38;5;12m|\u001b[0m\u001b[0m                                                   \u001b[0m\u001b[0m\u001b[1m\u001b[38;5;9m^^^^^^^\u001b[0m\u001b[0m \u001b[0m\u001b[0m\u001b[1m\u001b[38;5;9munknown field\u001b[0m\n\n"}
{"$message_type":"diagnostic","message":"method takes 0 generic arguments but 1 generic argument was supplied","code":{"code":"E0107","explanation":"An incorrect number of generic arguments was provided.\n\nErroneous code example:\n\n```compile_fail,E0107\nstruct Foo<T> { x: T }\n\nstruct Bar { x: Foo }             // error: wrong number of type arguments:\n                                  //        expected 1, found 0\nstruct Baz<S, T> { x: Foo<S, T> } // error: wrong number of type arguments:\n                                  //        expected 1, found 2\n\nfn foo<T, U>(x: T, y: U) {}\nfn f() {}\n\nfn main() {\n    let x: bool = true;\n    foo::<bool>(x);                 // error: wrong number of type arguments:\n                                    //        expected 2, found 1\n    foo::<bool, i32, i32>(x, 2, 4); // error: wrong number of type arguments:\n                                    //        expected 2, found 3\n    f::<'static>();                 // error: wrong number of lifetime arguments\n                                    //        expected 0, found 1\n}\n```\n\nWhen using/declaring an item with generic arguments, you must provide the exact\nsame number:\n\n```\nstruct Foo<T> { x: T }\n\nstruct Bar<T> { x: Foo<T> }               // ok!\nstruct Baz<S, T> { x: Foo<S>, y: Foo<T> } // ok!\n\nfn foo<T, U>(x: T, y: U) {}\nfn f() {}\n\nfn main() {\n    let x: bool = true;\n    foo::<bool, u32>(x, 12);              // ok!\n    f();                                  // ok!\n}\n```\n"},"level":"error","spans":[{"file_name":"examples/basic_usage_old.rs","byte_start":4489,"byte_end":4495,"line_start":110,"line_end":110,"column_start":31,"column_end":37,"is_primary":true,"text":[{"text":"    let is_valid = commitment.verify::<Bls12_381>(&opening, &srs);","highlight_start":31,"highlight_end":37}],"label":"expected 0 generic arguments","suggested_replacement":null,"suggestion_applicability":null,"expansion":null}],"children":[{"message":"method defined here, with 0 generic parameters","code":null,"level":"note","spans":[{"file_name":"/Users/boycrypt/code/python/website/code/zero_knowledge_proof_learn/useful_schemes/KZG10/src/verify.rs","byte_start":5716,"byte_end":5722,"line_start":202,"line_end":202,"column_start":12,"column_end":18,"is_primary":true,"text":[{"text":"    pub fn verify(","highlight_start":12,"highlight_end":18}],"label":null,"suggested_replacement":null,"suggestion_applicability":null,"expansion":null}],"children":[],"rendered":null},{"message":"remove the unnecessary generics","code":null,"level":"help","spans":[{"file_name":"examples/basic_usage_old.rs","byte_start":4495,"byte_end":4508,"line_start":110,"line_end":110,"column_start":37,"column_end":50,"is_primary":true,"text":[{"text":"    let is_valid = commitment.verify::<Bls12_381>(&opening, &srs);","highlight_start":37,"highlight_end":50}],"label":null,"suggested_replacement":"","suggestion_applicability":"MaybeIncorrect","expansion":null}],"children":[],"rendered":null}],"rendered":"\u001b[0m\u001b[1m\u001b[38;5;9merror[E0107]\u001b[0m\u001b[0m\u001b[1m: method takes 0 generic arguments but 1 generic argument was supplied\u001b[0m\n\u001b[0m   \u001b[0m\u001b[0m\u001b[1m\u001b[38;5;12m--> \u001b[0m\u001b[0mexamples/basic_usage_old.rs:110:31\u001b[0m\n\u001b[0m    \u001b[0m\u001b[0m\u001b[1m\u001b[38;5;12m|\u001b[0m\n\u001b[0m\u001b[1m\u001b[38;5;12m110\u001b[0m\u001b[0m \u001b[0m\u001b[0m\u001b[1m\u001b[38;5;12m|\u001b[0m\u001b[0m \u001b[0m\u001b[0m    let is_valid = commitment.verify::<Bls12_381>(&opening, &srs);\u001b[0m\n\u001b[0m    \u001b[0m\u001b[0m\u001b[1m\u001b[38;5;12m|\u001b[0m\u001b[0m                               \u001b[0m\u001b[0m\u001b[1m\u001b[38;5;9m^^^^^^\u001b[0m\u001b[0m\u001b[1m\u001b[38;5;12m-------------\u001b[0m\u001b[0m \u001b[0m\u001b[0m\u001b[1m\u001b[38;5;12mhelp: remove the unnecessary generics\u001b[0m\n\u001b[0m    \u001b[0m\u001b[0m\u001b[1m\u001b[38;5;12m|\u001b[0m\u001b[0m                               \u001b[0m\u001b[0m\u001b[1m\u001b[38;5;9m|\u001b[0m\n\u001b[0m    \u001b[0m\u001b[0m\u001b[1m\u001b[38;5;12m|\u001b[0m\u001b[0m                               \u001b[0m\u001b[0m\u001b[1m\u001b[38;5;9mexpected 0 generic arguments\u001b[0m\n\u001b[0m    \u001b[0m\u001b[0m\u001b[1m\u001b[38;5;12m|\u001b[0m\n\u001b[0m\u001b[1m\u001b[38;5;10mnote\u001b[0m\u001b[0m: method defined here, with 0 generic parameters\u001b[0m\n\u001b[0m   \u001b[0m\u001b[0m\u001b[1m\u001b[38;5;12m--> \u001b[0m\u001b[0m/Users/boycrypt/code/python/website/code/zero_knowledge_proof_learn/useful_schemes/KZG10/src/verify.rs:202:12\u001b[0m\n\u001b[0m    \u001b[0m\u001b[0m\u001b[1m\u001b[38;5;12m|\u001b[0m\n\u001b[0m\u001b[1m\u001b[38;5;12m202\u001b[0m\u001b[0m \u001b[0m\u001b[0m\u001b[1m\u001b[38;5;12m|\u001b[0m\u001b[0m \u001b[0m\u001b[0m    pub fn verify(\u001b[0m\n\u001b[0m    \u001b[0m\u001b[0m\u001b[1m\u001b[38;5;12m|\u001b[0m\u001b[0m            \u001b[0m\u001b[0m\u001b[1m\u001b[38;5;10m^^^^^^\u001b[0m\n\n"}
{"$message_type":"diagnostic","message":"mismatched types","code":{"code":"E0308","explanation":"Expected type did not match the received type.\n\nErroneous code examples:\n\n```compile_fail,E0308\nfn plus_one(x: i32) -> i32 {\n    x + 1\n}\n\nplus_one(\"Not a number\");\n//       ^^^^^^^^^^^^^^ expected `i32`, found `&str`\n\nif \"Not a bool\" {\n// ^^^^^^^^^^^^ expected `bool`, found `&str`\n}\n\nlet x: f32 = \"Not a float\";\n//     ---   ^^^^^^^^^^^^^ expected `f32`, found `&str`\n//     |\n//     expected due to this\n```\n\nThis error occurs when an expression was used in a place where the compiler\nexpected an expression of a different type. It can occur in several cases, the\nmost common being when calling a function and passing an argument which has a\ndifferent type than the matching type in the function declaration.\n"},"level":"error","spans":[{"file_name":"examples/basic_usage_old.rs","byte_start":4519,"byte_end":4523,"line_start":110,"line_end":110,"column_start":61,"column_end":65,"is_primary":true,"text":[{"text":"    let is_valid = commitment.verify::<Bls12_381>(&opening, &srs);","highlight_start":61,"highlight_end":65}],"label":"expected `&SRS<_>`, found `&Result<SRS<Bls12<Config>>, Error>`","suggested_replacement":null,"suggestion_applicability":null,"expansion":null},{"file_name":"examples/basic_usage_old.rs","byte_start":4489,"byte_end":4508,"line_start":110,"line_end":110,"column_start":31,"column_end":50,"is_primary":false,"text":[{"text":"    let is_valid = commitment.verify::<Bls12_381>(&opening, &srs);","highlight_start":31,"highlight_end":50}],"label":"arguments to this method are incorrect","suggested_replacement":null,"suggestion_applicability":null,"expansion":null}],"children":[{"message":"expected reference `&SRS<_>`\n   found reference `&Result<SRS<Bls12<ark_bls12_381::Config>>, kzg10::Error>`","code":null,"level":"note","spans":[],"children":[],"rendered":null},{"message":"method defined here","code":null,"level":"note","spans":[{"file_name":"/Users/boycrypt/code/python/website/code/zero_knowledge_proof_learn/useful_schemes/KZG10/src/verify.rs","byte_start":5716,"byte_end":5722,"line_start":202,"line_end":202,"column_start":12,"column_end":18,"is_primary":true,"text":[{"text":"    pub fn verify(","highlight_start":12,"highlight_end":18}],"label":null,"suggested_replacement":null,"suggestion_applicability":null,"expansion":null}],"children":[],"rendered":null}],"rendered":"\u001b[0m\u001b[1m\u001b[38;5;9merror[E0308]\u001b[0m\u001b[0m\u001b[1m: mismatched types\u001b[0m\n\u001b[0m   \u001b[0m\u001b[0m\u001b[1m\u001b[38;5;12m--> \u001b[0m\u001b[0mexamples/basic_usage_old.rs:110:61\u001b[0m\n\u001b[0m    \u001b[0m\u001b[0m\u001b[1m\u001b[38;5;12m|\u001b[0m\n\u001b[0m\u001b[1m\u001b[38;5;12m110\u001b[0m\u001b[0m \u001b[0m\u001b[0m\u001b[1m\u001b[38;5;12m|\u001b[0m\u001b[0m \u001b[0m\u001b[0m    let is_valid = commitment.verify::<Bls12_381>(&opening, &srs);\u001b[0m\n\u001b[0m    \u001b[0m\u001b[0m\u001b[1m\u001b[38;5;12m|\u001b[0m\u001b[0m                               \u001b[0m\u001b[0m\u001b[1m\u001b[38;5;12m-------------------\u001b[0m\u001b[0m           \u001b[0m\u001b[0m\u001b[1m\u001b[38;5;9m^^^^\u001b[0m\u001b[0m \u001b[0m\u001b[0m\u001b[1m\u001b[38;5;9mexpected `&SRS<_>`, found `&Result<SRS<Bls12<Config>>, Error>`\u001b[0m\n\u001b[0m    \u001b[0m\u001b[0m\u001b[1m\u001b[38;5;12m|\u001b[0m\u001b[0m                               \u001b[0m\u001b[0m\u001b[1m\u001b[38;5;12m|\u001b[0m\n\u001b[0m    \u001b[0m\u001b[0m\u001b[1m\u001b[38;5;12m|\u001b[0m\u001b[0m                               \u001b[0m\u001b[0m\u001b[1m\u001b[38;5;12marguments to this method are incorrect\u001b[0m\n\u001b[0m    \u001b[0m\u001b[0m\u001b[1m\u001b[38;5;12m|\u001b[0m\n\u001b[0m    \u001b[0m\u001b[0m\u001b[1m\u001b[38;5;12m= \u001b[0m\u001b[0m\u001b[1mnote\u001b[0m\u001b[0m: expected reference `&SRS<\u001b[0m\u001b[0m\u001b[1m\u001b[35m_\u001b[0m\u001b[0m>`\u001b[0m\n\u001b[0m               found reference `&\u001b[0m\u001b[0m\u001b[1m\u001b[35mResult<\u001b[0m\u001b[0mSRS<\u001b[0m\u001b[0m\u001b[1m\u001b[35mBls12<ark_bls12_381::Config>\u001b[0m\u001b[0m>, \u001b[0m\u001b[0m\u001b[1m\u001b[35mkzg10::Error>\u001b[0m\u001b[0m`\u001b[0m\n\u001b[0m\u001b[1m\u001b[38;5;10mnote\u001b[0m\u001b[0m: method defined here\u001b[0m\n\u001b[0m   \u001b[0m\u001b[0m\u001b[1m\u001b[38;5;12m--> \u001b[0m\u001b[0m/Users/boycrypt/code/python/website/code/zero_knowledge_proof_learn/useful_schemes/KZG10/src/verify.rs:202:12\u001b[0m\n\u001b[0m    \u001b[0m\u001b[0m\u001b[1m\u001b[38;5;12m|\u001b[0m\n\u001b[0m\u001b[1m\u001b[38;5;12m202\u001b[0m\u001b[0m \u001b[0m\u001b[0m\u001b[1m\u001b[38;5;12m|\u001b[0m\u001b[0m \u001b[0m\u001b[0m    pub fn verify(\u001b[0m\n\u001b[0m    \u001b[0m\u001b[0m\u001b[1m\u001b[38;5;12m|\u001b[0m\u001b[0m            \u001b[0m\u001b[0m\u001b[1m\u001b[38;5;10m^^^^^^\u001b[0m\n\n"}
{"$message_type":"diagnostic","message":"field `0` of struct `Commitment` is private","code":{"code":"E0616","explanation":"Attempted to access a private field on a struct.\n\nErroneous code example:\n\n```compile_fail,E0616\nmod some_module {\n    pub struct Foo {\n        x: u32, // So `x` is private in here.\n    }\n\n    impl Foo {\n        pub fn new() -> Foo { Foo { x: 0 } }\n    }\n}\n\nlet f = some_module::Foo::new();\nprintln!(\"{}\", f.x); // error: field `x` of struct `some_module::Foo` is private\n```\n\nIf you want to access this field, you have two options:\n\n1) Set the field public:\n\n```\nmod some_module {\n    pub struct Foo {\n        pub x: u32, // `x` is now public.\n    }\n\n    impl Foo {\n        pub fn new() -> Foo { Foo { x: 0 } }\n    }\n}\n\nlet f = some_module::Foo::new();\nprintln!(\"{}\", f.x); // ok!\n```\n\n2) Add a getter function:\n\n```\nmod some_module {\n    pub struct Foo {\n        x: u32, // So `x` is still private in here.\n    }\n\n    impl Foo {\n        pub fn new() -> Foo { Foo { x: 0 } }\n\n        // We create the getter function here:\n        pub fn get_x(&self) -> &u32 { &self.x }\n    }\n}\n\nlet f = some_module::Foo::new();\nprintln!(\"{}\", f.get_x()); // ok!\n```\n"},"level":"error","spans":[{"file_name":"examples/basic_usage_old.rs","byte_start":6233,"byte_end":6234,"line_start":150,"line_end":150,"column_start":56,"column_end":57,"is_primary":true,"text":[{"text":"    println!(\"  Commitment size: {} bytes\", commitment.0.compressed().as_ref().len());","highlight_start":56,"highlight_end":57}],"label":"private field","suggested_replacement":null,"suggestion_applicability":null,"expansion":null}],"children":[],"rendered":"\u001b[0m\u001b[1m\u001b[38;5;9merror[E0616]\u001b[0m\u001b[0m\u001b[1m: field `0` of struct `Commitment` is private\u001b[0m\n\u001b[0m   \u001b[0m\u001b[0m\u001b[1m\u001b[38;5;12m--> \u001b[0m\u001b[0mexamples/basic_usage_old.rs:150:56\u001b[0m\n\u001b[0m    \u001b[0m\u001b[0m\u001b[1m\u001b[38;5;12m|\u001b[0m\n\u001b[0m\u001b[1m\u001b[38;5;12m150\u001b[0m\u001b[0m \u001b[0m\u001b[0m\u001b[1m\u001b[38;5;12m|\u001b[0m\u001b[0m \u001b[0m\u001b[0m    println!(\"  Commitment size: {} bytes\", commitment.0.compressed().as_ref().len());\u001b[0m\n\u001b[0m    \u001b[0m\u001b[0m\u001b[1m\u001b[38;5;12m|\u001b[0m\u001b[0m                                                        \u001b[0m\u001b[0m\u001b[1m\u001b[38;5;9m^\u001b[0m\u001b[0m \u001b[0m\u001b[0m\u001b[1m\u001b[38;5;9mprivate field\u001b[0m\n\n"}
{"$message_type":"diagnostic","message":"field `0` of struct `EvaluationProof` is private","code":{"code":"E0616","explanation":"Attempted to access a private field on a struct.\n\nErroneous code example:\n\n```compile_fail,E0616\nmod some_module {\n    pub struct Foo {\n        x: u32, // So `x` is private in here.\n    }\n\n    impl Foo {\n        pub fn new() -> Foo { Foo { x: 0 } }\n    }\n}\n\nlet f = some_module::Foo::new();\nprintln!(\"{}\", f.x); // error: field `x` of struct `some_module::Foo` is private\n```\n\nIf you want to access this field, you have two options:\n\n1) Set the field public:\n\n```\nmod some_module {\n    pub struct Foo {\n        pub x: u32, // `x` is now public.\n    }\n\n    impl Foo {\n        pub fn new() -> Foo { Foo { x: 0 } }\n    }\n}\n\nlet f = some_module::Foo::new();\nprintln!(\"{}\", f.x); // ok!\n```\n\n2) Add a getter function:\n\n```\nmod some_module {\n    pub struct Foo {\n        x: u32, // So `x` is still private in here.\n    }\n\n    impl Foo {\n        pub fn new() -> Foo { Foo { x: 0 } }\n\n        // We create the getter function here:\n        pub fn get_x(&self) -> &u32 { &self.x }\n    }\n}\n\nlet f = some_module::Foo::new();\nprintln!(\"{}\", f.get_x()); // ok!\n```\n"},"level":"error","spans":[{"file_name":"examples/basic_usage_old.rs","byte_start":6318,"byte_end":6319,"line_start":151,"line_end":151,"column_start":54,"column_end":55,"is_primary":true,"text":[{"text":"    println!(\"  Proof size: {} bytes\", opening.proof.0.compressed().as_ref().len());","highlight_start":54,"highlight_end":55}],"label":"private field","suggested_replacement":null,"suggestion_applicability":null,"expansion":null}],"children":[],"rendered":"\u001b[0m\u001b[1m\u001b[38;5;9merror[E0616]\u001b[0m\u001b[0m\u001b[1m: field `0` of struct `EvaluationProof` is private\u001b[0m\n\u001b[0m   \u001b[0m\u001b[0m\u001b[1m\u001b[38;5;12m--> \u001b[0m\u001b[0mexamples/basic_usage_old.rs:151:54\u001b[0m\n\u001b[0m    \u001b[0m\u001b[0m\u001b[1m\u001b[38;5;12m|\u001b[0m\n\u001b[0m\u001b[1m\u001b[38;5;12m151\u001b[0m\u001b[0m \u001b[0m\u001b[0m\u001b[1m\u001b[38;5;12m|\u001b[0m\u001b[0m \u001b[0m\u001b[0m    println!(\"  Proof size: {} bytes\", opening.proof.0.compressed().as_ref().len());\u001b[0m\n\u001b[0m    \u001b[0m\u001b[0m\u001b[1m\u001b[38;5;12m|\u001b[0m\u001b[0m                                                      \u001b[0m\u001b[0m\u001b[1m\u001b[38;5;9m^\u001b[0m\u001b[0m \u001b[0m\u001b[0m\u001b[1m\u001b[38;5;9mprivate field\u001b[0m\n\n"}
{"$message_type":"diagnostic","message":"aborting due to 13 previous errors; 1 warning emitted","code":null,"level":"error","spans":[],"children":[],"rendered":"\u001b[0m\u001b[1m\u001b[38;5;9merror\u001b[0m\u001b[0m\u001b[1m: aborting due to 13 previous errors; 1 warning emitted\u001b[0m\n\n"}
{"$message_type":"diagnostic","message":"Some errors have detailed explanations: E0107, E0308, E0432, E0599, E0609, E0616.","code":null,"level":"failure-note","spans":[],"children":[],"rendered":"\u001b[0m\u001b[1mSome errors have detailed explanations: E0107, E0308, E0432, E0599, E0609, E0616.\u001b[0m\n"}
{"$message_type":"diagnostic","message":"For more information about an error, try `rustc --explain E0107`.","code":null,"level":"failure-note","spans":[],"children":[],"rendered":"\u001b[0m\u001b[1mFor more information about an error, try `rustc --explain E0107`.\u001b[0m\n"}
